2016/4/27 15:53:48  [Info]111111111111
2016/4/27 17:41:55  [Info]正在上传 : /a/wall.png  1/1
2016/4/27 17:41:58  [Info]正在下载 : /a/wall.png
2016/4/27 17:43:47  [Info]正在上传 : /a/wall.png  1/1
2016/4/27 17:43:49  [Info]正在下载 : /a/wall.png
2016/4/27 17:43:50  [Info]下载文件[/a/wall.png]完成,原大小[18.37 KB],压缩后文件大小[3.53 KB],压缩率[19.19%]
2016/4/27 17:45:12  [Info]正在上传 : /a/wall - 副本 (2).png  1/10
2016/4/27 17:45:15  [Info]正在下载 : /a/wall - 副本 (2).png
2016/4/27 17:45:15  [Info]下载文件[/a/wall - 副本 (2).png]完成,原大小[18.37 KB],压缩后文件大小[3.53 KB],压缩率[19.19%]
2016/4/27 17:45:15  [Info]正在上传 : /a/wall - 副本 (3).png  2/10
2016/4/27 17:45:16  [Info]正在下载 : /a/wall - 副本 (3).png
2016/4/27 17:45:17  [Info]下载文件[/a/wall - 副本 (3).png]完成,原大小[18.37 KB],压缩后文件大小[3.53 KB],压缩率[19.19%]
2016/4/27 17:45:17  [Info]正在上传 : /a/wall - 副本 (4).png  3/10
2016/4/27 17:45:18  [Info]正在下载 : /a/wall - 副本 (4).png
2016/4/27 17:45:18  [Info]下载文件[/a/wall - 副本 (4).png]完成,原大小[18.37 KB],压缩后文件大小[3.53 KB],压缩率[19.19%]
2016/4/27 17:45:18  [Info]正在上传 : /a/wall - 副本 (5).png  4/10
2016/4/27 17:45:19  [Info]正在下载 : /a/wall - 副本 (5).png
2016/4/27 17:45:19  [Info]下载文件[/a/wall - 副本 (5).png]完成,原大小[18.37 KB],压缩后文件大小[3.53 KB],压缩率[19.19%]
2016/4/27 17:45:19  [Info]正在上传 : /a/wall - 副本 (6).png  5/10
2016/4/27 17:45:20  [Info]正在下载 : /a/wall - 副本 (6).png
2016/4/27 17:45:20  [Info]下载文件[/a/wall - 副本 (6).png]完成,原大小[18.37 KB],压缩后文件大小[3.53 KB],压缩率[19.19%]
2016/4/27 17:45:20  [Info]正在上传 : /a/wall - 副本 (7).png  6/10
2016/4/27 17:45:22  [Info]正在下载 : /a/wall - 副本 (7).png
2016/4/27 17:45:22  [Info]下载文件[/a/wall - 副本 (7).png]完成,原大小[18.37 KB],压缩后文件大小[3.53 KB],压缩率[19.19%]
2016/4/27 17:45:22  [Info]正在上传 : /a/wall - 副本 (8).png  7/10
2016/4/27 17:45:24  [Info]正在下载 : /a/wall - 副本 (8).png
2016/4/27 17:45:25  [Info]下载文件[/a/wall - 副本 (8).png]完成,原大小[18.37 KB],压缩后文件大小[3.53 KB],压缩率[19.19%]
2016/4/27 17:45:25  [Info]正在上传 : /a/wall - 副本 (9).png  8/10
2016/4/27 17:45:25  [Info]正在下载 : /a/wall - 副本 (9).png
2016/4/27 17:45:26  [Info]下载文件[/a/wall - 副本 (9).png]完成,原大小[18.37 KB],压缩后文件大小[3.53 KB],压缩率[19.19%]
2016/4/27 17:45:26  [Info]正在上传 : /a/wall - 副本.png  9/10
2016/4/27 17:45:27  [Info]正在下载 : /a/wall - 副本.png
2016/4/27 17:45:28  [Info]下载文件[/a/wall - 副本.png]完成,原大小[18.37 KB],压缩后文件大小[3.53 KB],压缩率[19.19%]
2016/4/27 17:45:28  [Info]正在上传 : /a/wall.png  10/10
2016/4/27 17:45:29  [Info]正在下载 : /a/wall.png
2016/4/27 17:45:29  [Info]下载文件[/a/wall.png]完成,原大小[18.37 KB],压缩后文件大小[3.53 KB],压缩率[19.19%]
