2015/12/24 10:57:24  [Error]转换文件出错 System.Exception: Class:table_Int3 Field:Value1 未知类型:Int2
   在 Util.ParseStructure(String dir, Dictionary`2 customClass, Dictionary`2 customEnum, Dictionary`2 customTable, Dictionary`2 customDatabase, Dictionary`2 customDatabaseClass, Dictionary`2 customConst)
   在 TableBuilder.Transform(String files, String configPath, String package, String spawnList, Boolean generateManager, Boolean refreshNote, Dictionary`2 programConfigs)
2015/12/24 10:57:45  [Info]正在转换文件 1/1 [.\Excel\Test.xls]
2015/12/24 10:57:46  [Error]转换.\Excel\Test.xls文件出错
System.SystemException: [5]行[B]列出错 数据内容为[0,1000] : System.Reflection.TargetInvocationException: 调用的目标发生了异常。 ---> System.FormatException: 输入字符串的格式不正确。
   在 System.Number.StringToNumber(String str, NumberStyles options, NumberBuffer& number, NumberFormatInfo info, Boolean parseDecimal)
   在 System.Number.ParseInt32(String s, NumberStyles style, NumberFormatInfo info)
   在 System.Convert.ToInt32(String value)
   在 TableWriter.WriteInt32(String value)
   --- 内部异常堆栈跟踪的结尾 ---
   在 System.RuntimeMethodHandle._InvokeMethodFast(Object target, Object[] arguments, SignatureStruct& sig, MethodAttributes methodAttributes, RuntimeTypeHandle typeOwner)
   在 System.Reflection.RuntimeMethodInfo.Invoke(Object obj, BindingFlags invokeAttr, Binder binder, Object[] parameters, CultureInfo culture, Boolean skipVisibilityChecks)
   在 System.Reflection.RuntimeMethodInfo.Invoke(Object obj, BindingFlags invokeAttr, Binder binder, Object[] parameters, CultureInfo culture)
   在 System.Reflection.MethodBase.Invoke(Object obj, Object[] parameters)
   在 BasicType.WriteValue(TableWriter writer, String value)
   在 TableBuilder.WriteOneField(TableWriter writer, IValue value, PackageField field)
   在 TableBuilder.Transform_impl()
   在 TableBuilder.Transform_impl()
   在 TableBuilder.Transform(String files, String configPath, String package, String spawnList, Boolean generateManager, Boolean refreshNote, Dictionary`2 programConfigs)
2015/12/24 10:58:20  [Info]正在转换文件 1/1 [.\Excel\Test.xls]
2015/12/24 10:58:20  [Error]转换.\Excel\Test.xls文件出错
System.SystemException: [5]行[F]列出错 数据内容为[[100,100,100]] : System.Exception: 填写字段数量与数据机构字段数量不一致 需要数量 2  填写数量1
   在 TableBuilder.WriteCustom_impl(TableWriter writer, ValueList list, List`1 fields, Boolean array)
   在 TableBuilder.Transform_impl()
   在 TableBuilder.Transform_impl()
   在 TableBuilder.Transform(String files, String configPath, String package, String spawnList, Boolean generateManager, Boolean refreshNote, Dictionary`2 programConfigs)
2015/12/24 10:58:39  [Info]正在转换文件 1/1 [.\Excel\Test.xls]
2015/12/24 10:58:39  [Error]转换.\Excel\Test.xls文件出错
System.SystemException: [5]行[F]列出错 数据内容为[[[100,100],100]] : System.Exception: 填写字段数量与数据机构字段数量不一致 需要数量 2  填写数量1
   在 TableBuilder.WriteCustom_impl(TableWriter writer, ValueList list, List`1 fields, Boolean array)
   在 TableBuilder.Transform_impl()
   在 TableBuilder.Transform_impl()
   在 TableBuilder.Transform(String files, String configPath, String package, String spawnList, Boolean generateManager, Boolean refreshNote, Dictionary`2 programConfigs)
2015/12/24 10:58:57  [Info]正在转换文件 1/1 [.\Excel\Test.xls]
2015/12/24 10:58:58  [Error]转换.\Excel\Test.xls文件出错
System.SystemException: [5]行[F]列出错 数据内容为[100,100,100] : System.Exception: 填写字段数量与数据机构字段数量不一致 需要数量 2  填写数量3
   在 TableBuilder.WriteCustom_impl(TableWriter writer, ValueList list, List`1 fields, Boolean array)
   在 TableBuilder.Transform_impl()
   在 TableBuilder.Transform_impl()
   在 TableBuilder.Transform(String files, String configPath, String package, String spawnList, Boolean generateManager, Boolean refreshNote, Dictionary`2 programConfigs)
2015/12/24 10:58:59  [Info]正在转换文件 1/1 [.\Excel\Test.xls]
2015/12/24 10:58:59  [Error]转换.\Excel\Test.xls文件出错
System.SystemException: [5]行[F]列出错 数据内容为[100,100,100] : System.Exception: 填写字段数量与数据机构字段数量不一致 需要数量 2  填写数量3
   在 TableBuilder.WriteCustom_impl(TableWriter writer, ValueList list, List`1 fields, Boolean array)
   在 TableBuilder.Transform_impl()
   在 TableBuilder.Transform_impl()
   在 TableBuilder.Transform(String files, String configPath, String package, String spawnList, Boolean generateManager, Boolean refreshNote, Dictionary`2 programConfigs)
2015/12/24 10:59:01  [Info]正在转换文件 1/1 [.\Excel\Test.xls]
2015/12/24 10:59:01  [Error]转换.\Excel\Test.xls文件出错
System.SystemException: [5]行[F]列出错 数据内容为[100,100,100] : System.Exception: 填写字段数量与数据机构字段数量不一致 需要数量 2  填写数量3
   在 TableBuilder.WriteCustom_impl(TableWriter writer, ValueList list, List`1 fields, Boolean array)
   在 TableBuilder.Transform_impl()
   在 TableBuilder.Transform_impl()
   在 TableBuilder.Transform(String files, String configPath, String package, String spawnList, Boolean generateManager, Boolean refreshNote, Dictionary`2 programConfigs)
2015/12/24 10:59:10  [Info]正在转换文件 1/1 [.\Excel\Test.xls]
2015/12/24 10:59:10  [Error]转换.\Excel\Test.xls文件出错
System.SystemException: [5]行[F]列出错 数据内容为[[100,100],100] : System.Collections.Generic.KeyNotFoundException: 给定关键字不在字典中。
   在 System.ThrowHelper.ThrowKeyNotFoundException()
   在 System.Collections.Generic.Dictionary`2.get_Item(TKey key)
   在 TableBuilder.WriteOneField(TableWriter writer, IValue value, PackageField field)
   在 TableBuilder.WriteCustom_impl(TableWriter writer, ValueList list, List`1 fields, Boolean array)
   在 TableBuilder.Transform_impl()
   在 TableBuilder.Transform_impl()
   在 TableBuilder.Transform(String files, String configPath, String package, String spawnList, Boolean generateManager, Boolean refreshNote, Dictionary`2 programConfigs)
2015/12/24 10:59:49  [Error]转换文件出错 System.Exception: Class:table_Int3 Field:Value1 未知类型:Int2
   在 Util.ParseStructure(String dir, Dictionary`2 customClass, Dictionary`2 customEnum, Dictionary`2 customTable, Dictionary`2 customDatabase, Dictionary`2 customDatabaseClass, Dictionary`2 customConst)
   在 TableBuilder.Transform(String files, String configPath, String package, String spawnList, Boolean generateManager, Boolean refreshNote, Dictionary`2 programConfigs)
2015/12/24 10:59:50  [Error]转换文件出错 System.Exception: Class:table_Int3 Field:Value1 未知类型:Int2
   在 Util.ParseStructure(String dir, Dictionary`2 customClass, Dictionary`2 customEnum, Dictionary`2 customTable, Dictionary`2 customDatabase, Dictionary`2 customDatabaseClass, Dictionary`2 customConst)
   在 TableBuilder.Transform(String files, String configPath, String package, String spawnList, Boolean generateManager, Boolean refreshNote, Dictionary`2 programConfigs)
2015/12/24 10:59:50  [Error]转换文件出错 System.Exception: Class:table_Int3 Field:Value1 未知类型:Int2
   在 Util.ParseStructure(String dir, Dictionary`2 customClass, Dictionary`2 customEnum, Dictionary`2 customTable, Dictionary`2 customDatabase, Dictionary`2 customDatabaseClass, Dictionary`2 customConst)
   在 TableBuilder.Transform(String files, String configPath, String package, String spawnList, Boolean generateManager, Boolean refreshNote, Dictionary`2 programConfigs)
2015/12/24 11:00:23  [Info]正在转换文件 1/1 [.\Excel\Test.xls]
2015/12/24 11:00:23  [Error]转换.\Excel\Test.xls文件出错
System.SystemException: [5]行[E]列出错 数据内容为[100,100,Test1] : System.Exception: 枚举:TestEnum 找不到枚举值:100
   在 TableBuilder.GetEnumValue(String enumName, String value)
   在 TableBuilder.WriteOneField(TableWriter writer, IValue value, PackageField field)
   在 TableBuilder.WriteCustom_impl(TableWriter writer, ValueList list, List`1 fields, Boolean array)
   在 TableBuilder.Transform_impl()
   在 TableBuilder.Transform_impl()
   在 TableBuilder.Transform(String files, String configPath, String package, String spawnList, Boolean generateManager, Boolean refreshNote, Dictionary`2 programConfigs)
2015/12/24 11:00:32  [Info]正在转换文件 1/1 [.\Excel\Test.xls]
2015/12/24 11:00:36  [Info]正在转换文件 1/1 [.\Excel\Test.xls]
2015/12/24 11:00:36  [Info]正在转换文件 1/1 [.\Excel\Test.xls]
2015/12/24 11:00:37  [Info]正在转换文件 1/1 [.\Excel\Test.xls]
2015/12/24 11:00:37  [Info]正在转换文件 1/1 [.\Excel\Test.xls]
2015/12/24 11:00:37  [Info]正在转换文件 1/1 [.\Excel\Test.xls]
2015/12/24 11:00:37  [Info]正在转换文件 1/1 [.\Excel\Test.xls]
2015/12/24 11:00:38  [Info]正在转换文件 1/1 [.\Excel\Test.xls]
2015/12/24 11:00:38  [Info]正在转换文件 1/1 [.\Excel\Test.xls]
2015/12/24 11:00:38  [Info]正在转换文件 1/1 [.\Excel\Test.xls]
2015/12/24 11:00:38  [Info]正在转换文件 1/1 [.\Excel\Test.xls]
2015/12/24 11:00:38  [Info]正在转换文件 1/1 [.\Excel\Test.xls]
2015/12/24 11:00:39  [Info]正在转换文件 1/1 [.\Excel\Test.xls]
2015/12/24 11:00:39  [Info]正在转换文件 1/1 [.\Excel\Test.xls]
2015/12/24 11:00:39  [Info]正在转换文件 1/1 [.\Excel\Test.xls]
2015/12/24 11:00:39  [Info]正在转换文件 1/1 [.\Excel\Test.xls]
2015/12/24 11:00:53  [Info]正在转换文件 1/1 [.\Excel\Test.xls]
2015/12/24 11:00:54  [Info]正在转换文件 1/1 [.\Excel\Test.xls]
2015/12/24 11:02:52  [Info]正在转换文件 1/1 [.\Excel\Test.xls]
2015/12/24 11:04:29  [Info]正在转换类 1/1 [Msg_C2G_Test]
2015/12/24 11:05:48  [Info]正在转换文件 1/1 [.\Excel\Test.xls]
2015/12/24 11:06:40  [Info]正在转换文件 1/3 [.\Excel\Spawn_Test1.xls]
2015/12/24 11:06:41  [Info]正在转换文件 2/3 [.\Excel\Spawn_Test2.xls]
2015/12/24 11:06:41  [Info]正在转换文件 3/3 [.\Excel\Test.xls]
2015/12/24 11:07:00  [Info]正在转换文件 1/3 [.\Excel\Spawn_Test1.xls]
2015/12/24 11:07:00  [Info]正在转换文件 2/3 [.\Excel\Spawn_Test2.xls]
2015/12/24 11:07:00  [Info]正在转换文件 3/3 [.\Excel\Test.xls]
2015/12/28 16:38:46  [Info]正在转换文件 1/3 [.\Excel\Spawn_Test1.xls]
2015/12/28 16:38:47  [Info]正在转换文件 2/3 [.\Excel\Spawn_Test2.xls]
2015/12/28 16:38:47  [Info]正在转换文件 3/3 [.\Excel\Test.xls]
2015/12/28 16:39:39  [Info]正在转换文件 1/3 [.\Excel\Spawn_Test1.xls]
2015/12/28 16:39:40  [Info]正在转换文件 2/3 [.\Excel\Spawn_Test2.xls]
2015/12/28 16:39:40  [Info]正在转换文件 3/3 [.\Excel\Test.xls]
2015/12/28 16:39:51  [Info]正在转换文件 1/3 [.\Excel\Spawn_Test1.xls]
2015/12/28 16:39:51  [Info]正在转换文件 2/3 [.\Excel\Spawn_Test2.xls]
2015/12/28 16:39:51  [Info]正在转换文件 3/3 [.\Excel\Test.xls]
2015/12/28 16:40:48  [Info]正在转换文件 1/3 [.\Excel\Spawn_Test1.xls]
2015/12/28 16:40:49  [Info]正在转换文件 2/3 [.\Excel\Spawn_Test2.xls]
2015/12/28 16:40:49  [Info]正在转换文件 3/3 [.\Excel\Test.xls]
2015/12/28 16:54:53  [Info]正在转换文件 1/3 [.\Excel\Spawn_Test1.xls]
2015/12/28 16:54:54  [Info]正在转换文件 2/3 [.\Excel\Spawn_Test2.xls]
2015/12/28 16:54:54  [Info]正在转换文件 3/3 [.\Excel\Test.xls]
2015/12/28 16:55:35  [Info]正在转换文件 1/3 [.\Excel\Spawn_Test1.xls]
2015/12/28 16:55:35  [Info]正在转换文件 2/3 [.\Excel\Spawn_Test2.xls]
2015/12/28 16:55:35  [Info]正在转换文件 3/3 [.\Excel\Test.xls]
2015/12/28 16:56:11  [Info]正在转换文件 1/3 [.\Excel\Spawn_Test1.xls]
2015/12/28 16:56:11  [Info]正在转换文件 2/3 [.\Excel\Spawn_Test2.xls]
2015/12/28 16:56:11  [Info]正在转换文件 3/3 [.\Excel\Test.xls]
