2016/4/27 16:13:08  [Error]TransformFolder is error : System.ArgumentException: 路径的形式不合法。
   在 System.IO.Path.NormalizePath(String path, Boolean fullCheck, Int32 maxPathLength, Boolean expandShortPaths)
   在 System.IO.Path.NormalizePath(String path, Boolean fullCheck, Int32 maxPathLength)
   在 System.IO.Path.NormalizePath(String path, Boolean fullCheck)
   在 System.IO.Path.GetFullPathInternal(String path)
   在 System.IO.FileSystemEnumerableIterator`1..ctor(String path, String originalUserPath, String searchPattern, SearchOption searchOption, SearchResultHandler`1 resultHandler, Boolean checkHost)
   在 System.IO.FileSystemEnumerableFactory.CreateFileNameIterator(String path, String originalUserPath, String searchPattern, Boolean includeFiles, Boolean includeDirs, SearchOption searchOption, Boolean checkHost)
   在 System.IO.Directory.InternalGetFileDirectoryNames(String path, String userPathOriginal, String searchPattern, Boolean includeFiles, Boolean includeDirs, SearchOption searchOption, Boolean checkHost)
   在 System.IO.Directory.InternalGetFiles(String path, String searchPattern, SearchOption searchOption)
   在 System.IO.Directory.GetFiles(String path, String searchPattern, SearchOption searchOption)
   在 MainWindow.<buttonTransformFolder_Click>b__5() 位置 c:\Users\qingf\Desktop\ScorpioConversion\ScorpioConversion\MainWindow.cs:行号 96
2016/4/27 16:13:11  [Error]TransformFolder is error : System.ArgumentException: 路径的形式不合法。
   在 System.IO.Path.NormalizePath(String path, Boolean fullCheck, Int32 maxPathLength, Boolean expandShortPaths)
   在 System.IO.Path.NormalizePath(String path, Boolean fullCheck, Int32 maxPathLength)
   在 System.IO.Path.NormalizePath(String path, Boolean fullCheck)
   在 System.IO.Path.GetFullPathInternal(String path)
   在 System.IO.FileSystemEnumerableIterator`1..ctor(String path, String originalUserPath, String searchPattern, SearchOption searchOption, SearchResultHandler`1 resultHandler, Boolean checkHost)
   在 System.IO.FileSystemEnumerableFactory.CreateFileNameIterator(String path, String originalUserPath, String searchPattern, Boolean includeFiles, Boolean includeDirs, SearchOption searchOption, Boolean checkHost)
   在 System.IO.Directory.InternalGetFileDirectoryNames(String path, String userPathOriginal, String searchPattern, Boolean includeFiles, Boolean includeDirs, SearchOption searchOption, Boolean checkHost)
   在 System.IO.Directory.InternalGetFiles(String path, String searchPattern, SearchOption searchOption)
   在 System.IO.Directory.GetFiles(String path, String searchPattern, SearchOption searchOption)
   在 MainWindow.<buttonTransformFolder_Click>b__5() 位置 c:\Users\qingf\Desktop\ScorpioConversion\ScorpioConversion\MainWindow.cs:行号 96
2016/4/27 16:13:11  [Error]TransformFolder is error : System.ArgumentException: 路径的形式不合法。
   在 System.IO.Path.NormalizePath(String path, Boolean fullCheck, Int32 maxPathLength, Boolean expandShortPaths)
   在 System.IO.Path.NormalizePath(String path, Boolean fullCheck, Int32 maxPathLength)
   在 System.IO.Path.NormalizePath(String path, Boolean fullCheck)
   在 System.IO.Path.GetFullPathInternal(String path)
   在 System.IO.FileSystemEnumerableIterator`1..ctor(String path, String originalUserPath, String searchPattern, SearchOption searchOption, SearchResultHandler`1 resultHandler, Boolean checkHost)
   在 System.IO.FileSystemEnumerableFactory.CreateFileNameIterator(String path, String originalUserPath, String searchPattern, Boolean includeFiles, Boolean includeDirs, SearchOption searchOption, Boolean checkHost)
   在 System.IO.Directory.InternalGetFileDirectoryNames(String path, String userPathOriginal, String searchPattern, Boolean includeFiles, Boolean includeDirs, SearchOption searchOption, Boolean checkHost)
   在 System.IO.Directory.InternalGetFiles(String path, String searchPattern, SearchOption searchOption)
   在 System.IO.Directory.GetFiles(String path, String searchPattern, SearchOption searchOption)
   在 MainWindow.<buttonTransformFolder_Click>b__5() 位置 c:\Users\qingf\Desktop\ScorpioConversion\ScorpioConversion\MainWindow.cs:行号 96
2016/4/27 16:13:11  [Error]TransformFolder is error : System.ArgumentException: 路径的形式不合法。
   在 System.IO.Path.NormalizePath(String path, Boolean fullCheck, Int32 maxPathLength, Boolean expandShortPaths)
   在 System.IO.Path.NormalizePath(String path, Boolean fullCheck, Int32 maxPathLength)
   在 System.IO.Path.NormalizePath(String path, Boolean fullCheck)
   在 System.IO.Path.GetFullPathInternal(String path)
   在 System.IO.FileSystemEnumerableIterator`1..ctor(String path, String originalUserPath, String searchPattern, SearchOption searchOption, SearchResultHandler`1 resultHandler, Boolean checkHost)
   在 System.IO.FileSystemEnumerableFactory.CreateFileNameIterator(String path, String originalUserPath, String searchPattern, Boolean includeFiles, Boolean includeDirs, SearchOption searchOption, Boolean checkHost)
   在 System.IO.Directory.InternalGetFileDirectoryNames(String path, String userPathOriginal, String searchPattern, Boolean includeFiles, Boolean includeDirs, SearchOption searchOption, Boolean checkHost)
   在 System.IO.Directory.InternalGetFiles(String path, String searchPattern, SearchOption searchOption)
   在 System.IO.Directory.GetFiles(String path, String searchPattern, SearchOption searchOption)
   在 MainWindow.<buttonTransformFolder_Click>b__5() 位置 c:\Users\qingf\Desktop\ScorpioConversion\ScorpioConversion\MainWindow.cs:行号 96
2016/4/27 16:13:11  [Error]TransformFolder is error : System.ArgumentException: 路径的形式不合法。
   在 System.IO.Path.NormalizePath(String path, Boolean fullCheck, Int32 maxPathLength, Boolean expandShortPaths)
   在 System.IO.Path.NormalizePath(String path, Boolean fullCheck, Int32 maxPathLength)
   在 System.IO.Path.NormalizePath(String path, Boolean fullCheck)
   在 System.IO.Path.GetFullPathInternal(String path)
   在 System.IO.FileSystemEnumerableIterator`1..ctor(String path, String originalUserPath, String searchPattern, SearchOption searchOption, SearchResultHandler`1 resultHandler, Boolean checkHost)
   在 System.IO.FileSystemEnumerableFactory.CreateFileNameIterator(String path, String originalUserPath, String searchPattern, Boolean includeFiles, Boolean includeDirs, SearchOption searchOption, Boolean checkHost)
   在 System.IO.Directory.InternalGetFileDirectoryNames(String path, String userPathOriginal, String searchPattern, Boolean includeFiles, Boolean includeDirs, SearchOption searchOption, Boolean checkHost)
   在 System.IO.Directory.InternalGetFiles(String path, String searchPattern, SearchOption searchOption)
   在 System.IO.Directory.GetFiles(String path, String searchPattern, SearchOption searchOption)
   在 MainWindow.<buttonTransformFolder_Click>b__5() 位置 c:\Users\qingf\Desktop\ScorpioConversion\ScorpioConversion\MainWindow.cs:行号 96
2016/4/27 16:13:12  [Error]TransformFolder is error : System.ArgumentException: 路径的形式不合法。
   在 System.IO.Path.NormalizePath(String path, Boolean fullCheck, Int32 maxPathLength, Boolean expandShortPaths)
   在 System.IO.Path.NormalizePath(String path, Boolean fullCheck, Int32 maxPathLength)
   在 System.IO.Path.NormalizePath(String path, Boolean fullCheck)
   在 System.IO.Path.GetFullPathInternal(String path)
   在 System.IO.FileSystemEnumerableIterator`1..ctor(String path, String originalUserPath, String searchPattern, SearchOption searchOption, SearchResultHandler`1 resultHandler, Boolean checkHost)
   在 System.IO.FileSystemEnumerableFactory.CreateFileNameIterator(String path, String originalUserPath, String searchPattern, Boolean includeFiles, Boolean includeDirs, SearchOption searchOption, Boolean checkHost)
   在 System.IO.Directory.InternalGetFileDirectoryNames(String path, String userPathOriginal, String searchPattern, Boolean includeFiles, Boolean includeDirs, SearchOption searchOption, Boolean checkHost)
   在 System.IO.Directory.InternalGetFiles(String path, String searchPattern, SearchOption searchOption)
   在 System.IO.Directory.GetFiles(String path, String searchPattern, SearchOption searchOption)
   在 MainWindow.<buttonTransformFolder_Click>b__5() 位置 c:\Users\qingf\Desktop\ScorpioConversion\ScorpioConversion\MainWindow.cs:行号 96
2016/4/27 16:13:12  [Error]TransformFolder is error : System.ArgumentException: 路径的形式不合法。
   在 System.IO.Path.NormalizePath(String path, Boolean fullCheck, Int32 maxPathLength, Boolean expandShortPaths)
   在 System.IO.Path.NormalizePath(String path, Boolean fullCheck, Int32 maxPathLength)
   在 System.IO.Path.NormalizePath(String path, Boolean fullCheck)
   在 System.IO.Path.GetFullPathInternal(String path)
   在 System.IO.FileSystemEnumerableIterator`1..ctor(String path, String originalUserPath, String searchPattern, SearchOption searchOption, SearchResultHandler`1 resultHandler, Boolean checkHost)
   在 System.IO.FileSystemEnumerableFactory.CreateFileNameIterator(String path, String originalUserPath, String searchPattern, Boolean includeFiles, Boolean includeDirs, SearchOption searchOption, Boolean checkHost)
   在 System.IO.Directory.InternalGetFileDirectoryNames(String path, String userPathOriginal, String searchPattern, Boolean includeFiles, Boolean includeDirs, SearchOption searchOption, Boolean checkHost)
   在 System.IO.Directory.InternalGetFiles(String path, String searchPattern, SearchOption searchOption)
   在 System.IO.Directory.GetFiles(String path, String searchPattern, SearchOption searchOption)
   在 MainWindow.<buttonTransformFolder_Click>b__5() 位置 c:\Users\qingf\Desktop\ScorpioConversion\ScorpioConversion\MainWindow.cs:行号 96
2016/4/27 16:13:12  [Error]TransformFolder is error : System.ArgumentException: 路径的形式不合法。
   在 System.IO.Path.NormalizePath(String path, Boolean fullCheck, Int32 maxPathLength, Boolean expandShortPaths)
   在 System.IO.Path.NormalizePath(String path, Boolean fullCheck, Int32 maxPathLength)
   在 System.IO.Path.NormalizePath(String path, Boolean fullCheck)
   在 System.IO.Path.GetFullPathInternal(String path)
   在 System.IO.FileSystemEnumerableIterator`1..ctor(String path, String originalUserPath, String searchPattern, SearchOption searchOption, SearchResultHandler`1 resultHandler, Boolean checkHost)
   在 System.IO.FileSystemEnumerableFactory.CreateFileNameIterator(String path, String originalUserPath, String searchPattern, Boolean includeFiles, Boolean includeDirs, SearchOption searchOption, Boolean checkHost)
   在 System.IO.Directory.InternalGetFileDirectoryNames(String path, String userPathOriginal, String searchPattern, Boolean includeFiles, Boolean includeDirs, SearchOption searchOption, Boolean checkHost)
   在 System.IO.Directory.InternalGetFiles(String path, String searchPattern, SearchOption searchOption)
   在 System.IO.Directory.GetFiles(String path, String searchPattern, SearchOption searchOption)
   在 MainWindow.<buttonTransformFolder_Click>b__5() 位置 c:\Users\qingf\Desktop\ScorpioConversion\ScorpioConversion\MainWindow.cs:行号 96
2016/4/27 16:13:12  [Error]TransformFolder is error : System.ArgumentException: 路径的形式不合法。
   在 System.IO.Path.NormalizePath(String path, Boolean fullCheck, Int32 maxPathLength, Boolean expandShortPaths)
   在 System.IO.Path.NormalizePath(String path, Boolean fullCheck, Int32 maxPathLength)
   在 System.IO.Path.NormalizePath(String path, Boolean fullCheck)
   在 System.IO.Path.GetFullPathInternal(String path)
   在 System.IO.FileSystemEnumerableIterator`1..ctor(String path, String originalUserPath, String searchPattern, SearchOption searchOption, SearchResultHandler`1 resultHandler, Boolean checkHost)
   在 System.IO.FileSystemEnumerableFactory.CreateFileNameIterator(String path, String originalUserPath, String searchPattern, Boolean includeFiles, Boolean includeDirs, SearchOption searchOption, Boolean checkHost)
   在 System.IO.Directory.InternalGetFileDirectoryNames(String path, String userPathOriginal, String searchPattern, Boolean includeFiles, Boolean includeDirs, SearchOption searchOption, Boolean checkHost)
   在 System.IO.Directory.InternalGetFiles(String path, String searchPattern, SearchOption searchOption)
   在 System.IO.Directory.GetFiles(String path, String searchPattern, SearchOption searchOption)
   在 MainWindow.<buttonTransformFolder_Click>b__5() 位置 c:\Users\qingf\Desktop\ScorpioConversion\ScorpioConversion\MainWindow.cs:行号 96
2016/4/27 16:13:12  [Error]TransformFolder is error : System.ArgumentException: 路径的形式不合法。
   在 System.IO.Path.NormalizePath(String path, Boolean fullCheck, Int32 maxPathLength, Boolean expandShortPaths)
   在 System.IO.Path.NormalizePath(String path, Boolean fullCheck, Int32 maxPathLength)
   在 System.IO.Path.NormalizePath(String path, Boolean fullCheck)
   在 System.IO.Path.GetFullPathInternal(String path)
   在 System.IO.FileSystemEnumerableIterator`1..ctor(String path, String originalUserPath, String searchPattern, SearchOption searchOption, SearchResultHandler`1 resultHandler, Boolean checkHost)
   在 System.IO.FileSystemEnumerableFactory.CreateFileNameIterator(String path, String originalUserPath, String searchPattern, Boolean includeFiles, Boolean includeDirs, SearchOption searchOption, Boolean checkHost)
   在 System.IO.Directory.InternalGetFileDirectoryNames(String path, String userPathOriginal, String searchPattern, Boolean includeFiles, Boolean includeDirs, SearchOption searchOption, Boolean checkHost)
   在 System.IO.Directory.InternalGetFiles(String path, String searchPattern, SearchOption searchOption)
   在 System.IO.Directory.GetFiles(String path, String searchPattern, SearchOption searchOption)
   在 MainWindow.<buttonTransformFolder_Click>b__5() 位置 c:\Users\qingf\Desktop\ScorpioConversion\ScorpioConversion\MainWindow.cs:行号 96
2016/4/27 16:13:12  [Error]TransformFolder is error : System.ArgumentException: 路径的形式不合法。
   在 System.IO.Path.NormalizePath(String path, Boolean fullCheck, Int32 maxPathLength, Boolean expandShortPaths)
   在 System.IO.Path.NormalizePath(String path, Boolean fullCheck, Int32 maxPathLength)
   在 System.IO.Path.NormalizePath(String path, Boolean fullCheck)
   在 System.IO.Path.GetFullPathInternal(String path)
   在 System.IO.FileSystemEnumerableIterator`1..ctor(String path, String originalUserPath, String searchPattern, SearchOption searchOption, SearchResultHandler`1 resultHandler, Boolean checkHost)
   在 System.IO.FileSystemEnumerableFactory.CreateFileNameIterator(String path, String originalUserPath, String searchPattern, Boolean includeFiles, Boolean includeDirs, SearchOption searchOption, Boolean checkHost)
   在 System.IO.Directory.InternalGetFileDirectoryNames(String path, String userPathOriginal, String searchPattern, Boolean includeFiles, Boolean includeDirs, SearchOption searchOption, Boolean checkHost)
   在 System.IO.Directory.InternalGetFiles(String path, String searchPattern, SearchOption searchOption)
   在 System.IO.Directory.GetFiles(String path, String searchPattern, SearchOption searchOption)
   在 MainWindow.<buttonTransformFolder_Click>b__5() 位置 c:\Users\qingf\Desktop\ScorpioConversion\ScorpioConversion\MainWindow.cs:行号 96
2016/4/27 16:13:32  [Error]TransformFolder is error : System.ArgumentException: 路径的形式不合法。
   在 System.IO.Path.NormalizePath(String path, Boolean fullCheck, Int32 maxPathLength, Boolean expandShortPaths)
   在 System.IO.Path.NormalizePath(String path, Boolean fullCheck, Int32 maxPathLength)
   在 System.IO.Path.NormalizePath(String path, Boolean fullCheck)
   在 System.IO.Path.GetFullPathInternal(String path)
   在 System.IO.FileSystemEnumerableIterator`1..ctor(String path, String originalUserPath, String searchPattern, SearchOption searchOption, SearchResultHandler`1 resultHandler, Boolean checkHost)
   在 System.IO.FileSystemEnumerableFactory.CreateFileNameIterator(String path, String originalUserPath, String searchPattern, Boolean includeFiles, Boolean includeDirs, SearchOption searchOption, Boolean checkHost)
   在 System.IO.Directory.InternalGetFileDirectoryNames(String path, String userPathOriginal, String searchPattern, Boolean includeFiles, Boolean includeDirs, SearchOption searchOption, Boolean checkHost)
   在 System.IO.Directory.InternalGetFiles(String path, String searchPattern, SearchOption searchOption)
   在 System.IO.Directory.GetFiles(String path, String searchPattern, SearchOption searchOption)
   在 MainWindow.<buttonTransformFolder_Click>b__5() 位置 c:\Users\qingf\Desktop\ScorpioConversion\ScorpioConversion\MainWindow.cs:行号 96
2016/4/27 16:13:32  [Error]TransformFolder is error : System.ArgumentException: 路径的形式不合法。
   在 System.IO.Path.NormalizePath(String path, Boolean fullCheck, Int32 maxPathLength, Boolean expandShortPaths)
   在 System.IO.Path.NormalizePath(String path, Boolean fullCheck, Int32 maxPathLength)
   在 System.IO.Path.NormalizePath(String path, Boolean fullCheck)
   在 System.IO.Path.GetFullPathInternal(String path)
   在 System.IO.FileSystemEnumerableIterator`1..ctor(String path, String originalUserPath, String searchPattern, SearchOption searchOption, SearchResultHandler`1 resultHandler, Boolean checkHost)
   在 System.IO.FileSystemEnumerableFactory.CreateFileNameIterator(String path, String originalUserPath, String searchPattern, Boolean includeFiles, Boolean includeDirs, SearchOption searchOption, Boolean checkHost)
   在 System.IO.Directory.InternalGetFileDirectoryNames(String path, String userPathOriginal, String searchPattern, Boolean includeFiles, Boolean includeDirs, SearchOption searchOption, Boolean checkHost)
   在 System.IO.Directory.InternalGetFiles(String path, String searchPattern, SearchOption searchOption)
   在 System.IO.Directory.GetFiles(String path, String searchPattern, SearchOption searchOption)
   在 MainWindow.<buttonTransformFolder_Click>b__5() 位置 c:\Users\qingf\Desktop\ScorpioConversion\ScorpioConversion\MainWindow.cs:行号 96
2016/4/27 16:13:32  [Error]TransformFolder is error : System.ArgumentException: 路径的形式不合法。
   在 System.IO.Path.NormalizePath(String path, Boolean fullCheck, Int32 maxPathLength, Boolean expandShortPaths)
   在 System.IO.Path.NormalizePath(String path, Boolean fullCheck, Int32 maxPathLength)
   在 System.IO.Path.NormalizePath(String path, Boolean fullCheck)
   在 System.IO.Path.GetFullPathInternal(String path)
   在 System.IO.FileSystemEnumerableIterator`1..ctor(String path, String originalUserPath, String searchPattern, SearchOption searchOption, SearchResultHandler`1 resultHandler, Boolean checkHost)
   在 System.IO.FileSystemEnumerableFactory.CreateFileNameIterator(String path, String originalUserPath, String searchPattern, Boolean includeFiles, Boolean includeDirs, SearchOption searchOption, Boolean checkHost)
   在 System.IO.Directory.InternalGetFileDirectoryNames(String path, String userPathOriginal, String searchPattern, Boolean includeFiles, Boolean includeDirs, SearchOption searchOption, Boolean checkHost)
   在 System.IO.Directory.InternalGetFiles(String path, String searchPattern, SearchOption searchOption)
   在 System.IO.Directory.GetFiles(String path, String searchPattern, SearchOption searchOption)
   在 MainWindow.<buttonTransformFolder_Click>b__5() 位置 c:\Users\qingf\Desktop\ScorpioConversion\ScorpioConversion\MainWindow.cs:行号 96
2016/4/27 16:13:32  [Error]TransformFolder is error : System.ArgumentException: 路径的形式不合法。
   在 System.IO.Path.NormalizePath(String path, Boolean fullCheck, Int32 maxPathLength, Boolean expandShortPaths)
   在 System.IO.Path.NormalizePath(String path, Boolean fullCheck, Int32 maxPathLength)
   在 System.IO.Path.NormalizePath(String path, Boolean fullCheck)
   在 System.IO.Path.GetFullPathInternal(String path)
   在 System.IO.FileSystemEnumerableIterator`1..ctor(String path, String originalUserPath, String searchPattern, SearchOption searchOption, SearchResultHandler`1 resultHandler, Boolean checkHost)
   在 System.IO.FileSystemEnumerableFactory.CreateFileNameIterator(String path, String originalUserPath, String searchPattern, Boolean includeFiles, Boolean includeDirs, SearchOption searchOption, Boolean checkHost)
   在 System.IO.Directory.InternalGetFileDirectoryNames(String path, String userPathOriginal, String searchPattern, Boolean includeFiles, Boolean includeDirs, SearchOption searchOption, Boolean checkHost)
   在 System.IO.Directory.InternalGetFiles(String path, String searchPattern, SearchOption searchOption)
   在 System.IO.Directory.GetFiles(String path, String searchPattern, SearchOption searchOption)
   在 MainWindow.<buttonTransformFolder_Click>b__5() 位置 c:\Users\qingf\Desktop\ScorpioConversion\ScorpioConversion\MainWindow.cs:行号 96
2016/4/27 16:13:33  [Error]TransformFolder is error : System.ArgumentException: 路径的形式不合法。
   在 System.IO.Path.NormalizePath(String path, Boolean fullCheck, Int32 maxPathLength, Boolean expandShortPaths)
   在 System.IO.Path.NormalizePath(String path, Boolean fullCheck, Int32 maxPathLength)
   在 System.IO.Path.NormalizePath(String path, Boolean fullCheck)
   在 System.IO.Path.GetFullPathInternal(String path)
   在 System.IO.FileSystemEnumerableIterator`1..ctor(String path, String originalUserPath, String searchPattern, SearchOption searchOption, SearchResultHandler`1 resultHandler, Boolean checkHost)
   在 System.IO.FileSystemEnumerableFactory.CreateFileNameIterator(String path, String originalUserPath, String searchPattern, Boolean includeFiles, Boolean includeDirs, SearchOption searchOption, Boolean checkHost)
   在 System.IO.Directory.InternalGetFileDirectoryNames(String path, String userPathOriginal, String searchPattern, Boolean includeFiles, Boolean includeDirs, SearchOption searchOption, Boolean checkHost)
   在 System.IO.Directory.InternalGetFiles(String path, String searchPattern, SearchOption searchOption)
   在 System.IO.Directory.GetFiles(String path, String searchPattern, SearchOption searchOption)
   在 MainWindow.<buttonTransformFolder_Click>b__5() 位置 c:\Users\qingf\Desktop\ScorpioConversion\ScorpioConversion\MainWindow.cs:行号 96
2016/4/27 16:13:33  [Error]TransformFolder is error : System.ArgumentException: 路径的形式不合法。
   在 System.IO.Path.NormalizePath(String path, Boolean fullCheck, Int32 maxPathLength, Boolean expandShortPaths)
   在 System.IO.Path.NormalizePath(String path, Boolean fullCheck, Int32 maxPathLength)
   在 System.IO.Path.NormalizePath(String path, Boolean fullCheck)
   在 System.IO.Path.GetFullPathInternal(String path)
   在 System.IO.FileSystemEnumerableIterator`1..ctor(String path, String originalUserPath, String searchPattern, SearchOption searchOption, SearchResultHandler`1 resultHandler, Boolean checkHost)
   在 System.IO.FileSystemEnumerableFactory.CreateFileNameIterator(String path, String originalUserPath, String searchPattern, Boolean includeFiles, Boolean includeDirs, SearchOption searchOption, Boolean checkHost)
   在 System.IO.Directory.InternalGetFileDirectoryNames(String path, String userPathOriginal, String searchPattern, Boolean includeFiles, Boolean includeDirs, SearchOption searchOption, Boolean checkHost)
   在 System.IO.Directory.InternalGetFiles(String path, String searchPattern, SearchOption searchOption)
   在 System.IO.Directory.GetFiles(String path, String searchPattern, SearchOption searchOption)
   在 MainWindow.<buttonTransformFolder_Click>b__5() 位置 c:\Users\qingf\Desktop\ScorpioConversion\ScorpioConversion\MainWindow.cs:行号 96
2016/4/27 16:13:33  [Error]TransformFolder is error : System.ArgumentException: 路径的形式不合法。
   在 System.IO.Path.NormalizePath(String path, Boolean fullCheck, Int32 maxPathLength, Boolean expandShortPaths)
   在 System.IO.Path.NormalizePath(String path, Boolean fullCheck, Int32 maxPathLength)
   在 System.IO.Path.NormalizePath(String path, Boolean fullCheck)
   在 System.IO.Path.GetFullPathInternal(String path)
   在 System.IO.FileSystemEnumerableIterator`1..ctor(String path, String originalUserPath, String searchPattern, SearchOption searchOption, SearchResultHandler`1 resultHandler, Boolean checkHost)
   在 System.IO.FileSystemEnumerableFactory.CreateFileNameIterator(String path, String originalUserPath, String searchPattern, Boolean includeFiles, Boolean includeDirs, SearchOption searchOption, Boolean checkHost)
   在 System.IO.Directory.InternalGetFileDirectoryNames(String path, String userPathOriginal, String searchPattern, Boolean includeFiles, Boolean includeDirs, SearchOption searchOption, Boolean checkHost)
   在 System.IO.Directory.InternalGetFiles(String path, String searchPattern, SearchOption searchOption)
   在 System.IO.Directory.GetFiles(String path, String searchPattern, SearchOption searchOption)
   在 MainWindow.<buttonTransformFolder_Click>b__5() 位置 c:\Users\qingf\Desktop\ScorpioConversion\ScorpioConversion\MainWindow.cs:行号 96
2016/4/27 16:13:33  [Error]TransformFolder is error : System.ArgumentException: 路径的形式不合法。
   在 System.IO.Path.NormalizePath(String path, Boolean fullCheck, Int32 maxPathLength, Boolean expandShortPaths)
   在 System.IO.Path.NormalizePath(String path, Boolean fullCheck, Int32 maxPathLength)
   在 System.IO.Path.NormalizePath(String path, Boolean fullCheck)
   在 System.IO.Path.GetFullPathInternal(String path)
   在 System.IO.FileSystemEnumerableIterator`1..ctor(String path, String originalUserPath, String searchPattern, SearchOption searchOption, SearchResultHandler`1 resultHandler, Boolean checkHost)
   在 System.IO.FileSystemEnumerableFactory.CreateFileNameIterator(String path, String originalUserPath, String searchPattern, Boolean includeFiles, Boolean includeDirs, SearchOption searchOption, Boolean checkHost)
   在 System.IO.Directory.InternalGetFileDirectoryNames(String path, String userPathOriginal, String searchPattern, Boolean includeFiles, Boolean includeDirs, SearchOption searchOption, Boolean checkHost)
   在 System.IO.Directory.InternalGetFiles(String path, String searchPattern, SearchOption searchOption)
   在 System.IO.Directory.GetFiles(String path, String searchPattern, SearchOption searchOption)
   在 MainWindow.<buttonTransformFolder_Click>b__5() 位置 c:\Users\qingf\Desktop\ScorpioConversion\ScorpioConversion\MainWindow.cs:行号 96
2016/4/27 16:13:33  [Error]TransformFolder is error : System.ArgumentException: 路径的形式不合法。
   在 System.IO.Path.NormalizePath(String path, Boolean fullCheck, Int32 maxPathLength, Boolean expandShortPaths)
   在 System.IO.Path.NormalizePath(String path, Boolean fullCheck, Int32 maxPathLength)
   在 System.IO.Path.NormalizePath(String path, Boolean fullCheck)
   在 System.IO.Path.GetFullPathInternal(String path)
   在 System.IO.FileSystemEnumerableIterator`1..ctor(String path, String originalUserPath, String searchPattern, SearchOption searchOption, SearchResultHandler`1 resultHandler, Boolean checkHost)
   在 System.IO.FileSystemEnumerableFactory.CreateFileNameIterator(String path, String originalUserPath, String searchPattern, Boolean includeFiles, Boolean includeDirs, SearchOption searchOption, Boolean checkHost)
   在 System.IO.Directory.InternalGetFileDirectoryNames(String path, String userPathOriginal, String searchPattern, Boolean includeFiles, Boolean includeDirs, SearchOption searchOption, Boolean checkHost)
   在 System.IO.Directory.InternalGetFiles(String path, String searchPattern, SearchOption searchOption)
   在 System.IO.Directory.GetFiles(String path, String searchPattern, SearchOption searchOption)
   在 MainWindow.<buttonTransformFolder_Click>b__5() 位置 c:\Users\qingf\Desktop\ScorpioConversion\ScorpioConversion\MainWindow.cs:行号 96
2016/4/27 16:13:34  [Error]TransformFolder is error : System.ArgumentException: 路径的形式不合法。
   在 System.IO.Path.NormalizePath(String path, Boolean fullCheck, Int32 maxPathLength, Boolean expandShortPaths)
   在 System.IO.Path.NormalizePath(String path, Boolean fullCheck, Int32 maxPathLength)
   在 System.IO.Path.NormalizePath(String path, Boolean fullCheck)
   在 System.IO.Path.GetFullPathInternal(String path)
   在 System.IO.FileSystemEnumerableIterator`1..ctor(String path, String originalUserPath, String searchPattern, SearchOption searchOption, SearchResultHandler`1 resultHandler, Boolean checkHost)
   在 System.IO.FileSystemEnumerableFactory.CreateFileNameIterator(String path, String originalUserPath, String searchPattern, Boolean includeFiles, Boolean includeDirs, SearchOption searchOption, Boolean checkHost)
   在 System.IO.Directory.InternalGetFileDirectoryNames(String path, String userPathOriginal, String searchPattern, Boolean includeFiles, Boolean includeDirs, SearchOption searchOption, Boolean checkHost)
   在 System.IO.Directory.InternalGetFiles(String path, String searchPattern, SearchOption searchOption)
   在 System.IO.Directory.GetFiles(String path, String searchPattern, SearchOption searchOption)
   在 MainWindow.<buttonTransformFolder_Click>b__5() 位置 c:\Users\qingf\Desktop\ScorpioConversion\ScorpioConversion\MainWindow.cs:行号 96
2016/4/27 16:13:34  [Error]TransformFolder is error : System.ArgumentException: 路径的形式不合法。
   在 System.IO.Path.NormalizePath(String path, Boolean fullCheck, Int32 maxPathLength, Boolean expandShortPaths)
   在 System.IO.Path.NormalizePath(String path, Boolean fullCheck, Int32 maxPathLength)
   在 System.IO.Path.NormalizePath(String path, Boolean fullCheck)
   在 System.IO.Path.GetFullPathInternal(String path)
   在 System.IO.FileSystemEnumerableIterator`1..ctor(String path, String originalUserPath, String searchPattern, SearchOption searchOption, SearchResultHandler`1 resultHandler, Boolean checkHost)
   在 System.IO.FileSystemEnumerableFactory.CreateFileNameIterator(String path, String originalUserPath, String searchPattern, Boolean includeFiles, Boolean includeDirs, SearchOption searchOption, Boolean checkHost)
   在 System.IO.Directory.InternalGetFileDirectoryNames(String path, String userPathOriginal, String searchPattern, Boolean includeFiles, Boolean includeDirs, SearchOption searchOption, Boolean checkHost)
   在 System.IO.Directory.InternalGetFiles(String path, String searchPattern, SearchOption searchOption)
   在 System.IO.Directory.GetFiles(String path, String searchPattern, SearchOption searchOption)
   在 MainWindow.<buttonTransformFolder_Click>b__5() 位置 c:\Users\qingf\Desktop\ScorpioConversion\ScorpioConversion\MainWindow.cs:行号 96
2016/4/27 16:13:38  [Error]TransformFolder is error : System.ArgumentException: 路径的形式不合法。
   在 System.IO.Path.NormalizePath(String path, Boolean fullCheck, Int32 maxPathLength, Boolean expandShortPaths)
   在 System.IO.Path.NormalizePath(String path, Boolean fullCheck, Int32 maxPathLength)
   在 System.IO.Path.NormalizePath(String path, Boolean fullCheck)
   在 System.IO.Path.GetFullPathInternal(String path)
   在 System.IO.FileSystemEnumerableIterator`1..ctor(String path, String originalUserPath, String searchPattern, SearchOption searchOption, SearchResultHandler`1 resultHandler, Boolean checkHost)
   在 System.IO.FileSystemEnumerableFactory.CreateFileNameIterator(String path, String originalUserPath, String searchPattern, Boolean includeFiles, Boolean includeDirs, SearchOption searchOption, Boolean checkHost)
   在 System.IO.Directory.InternalGetFileDirectoryNames(String path, String userPathOriginal, String searchPattern, Boolean includeFiles, Boolean includeDirs, SearchOption searchOption, Boolean checkHost)
   在 System.IO.Directory.InternalGetFiles(String path, String searchPattern, SearchOption searchOption)
   在 System.IO.Directory.GetFiles(String path, String searchPattern, SearchOption searchOption)
   在 MainWindow.<buttonTransformFolder_Click>b__5() 位置 c:\Users\qingf\Desktop\ScorpioConversion\ScorpioConversion\MainWindow.cs:行号 96
2016/4/27 16:13:40  [Error]TransformFolder is error : System.ArgumentException: 路径的形式不合法。
   在 System.IO.Path.NormalizePath(String path, Boolean fullCheck, Int32 maxPathLength, Boolean expandShortPaths)
   在 System.IO.Path.NormalizePath(String path, Boolean fullCheck, Int32 maxPathLength)
   在 System.IO.Path.NormalizePath(String path, Boolean fullCheck)
   在 System.IO.Path.GetFullPathInternal(String path)
   在 System.IO.FileSystemEnumerableIterator`1..ctor(String path, String originalUserPath, String searchPattern, SearchOption searchOption, SearchResultHandler`1 resultHandler, Boolean checkHost)
   在 System.IO.FileSystemEnumerableFactory.CreateFileNameIterator(String path, String originalUserPath, String searchPattern, Boolean includeFiles, Boolean includeDirs, SearchOption searchOption, Boolean checkHost)
   在 System.IO.Directory.InternalGetFileDirectoryNames(String path, String userPathOriginal, String searchPattern, Boolean includeFiles, Boolean includeDirs, SearchOption searchOption, Boolean checkHost)
   在 System.IO.Directory.InternalGetFiles(String path, String searchPattern, SearchOption searchOption)
   在 System.IO.Directory.GetFiles(String path, String searchPattern, SearchOption searchOption)
   在 MainWindow.<buttonTransformFolder_Click>b__5() 位置 c:\Users\qingf\Desktop\ScorpioConversion\ScorpioConversion\MainWindow.cs:行号 96
2016/4/27 16:13:41  [Error]TransformFolder is error : System.ArgumentException: 路径的形式不合法。
   在 System.IO.Path.NormalizePath(String path, Boolean fullCheck, Int32 maxPathLength, Boolean expandShortPaths)
   在 System.IO.Path.NormalizePath(String path, Boolean fullCheck, Int32 maxPathLength)
   在 System.IO.Path.NormalizePath(String path, Boolean fullCheck)
   在 System.IO.Path.GetFullPathInternal(String path)
   在 System.IO.FileSystemEnumerableIterator`1..ctor(String path, String originalUserPath, String searchPattern, SearchOption searchOption, SearchResultHandler`1 resultHandler, Boolean checkHost)
   在 System.IO.FileSystemEnumerableFactory.CreateFileNameIterator(String path, String originalUserPath, String searchPattern, Boolean includeFiles, Boolean includeDirs, SearchOption searchOption, Boolean checkHost)
   在 System.IO.Directory.InternalGetFileDirectoryNames(String path, String userPathOriginal, String searchPattern, Boolean includeFiles, Boolean includeDirs, SearchOption searchOption, Boolean checkHost)
   在 System.IO.Directory.InternalGetFiles(String path, String searchPattern, SearchOption searchOption)
   在 System.IO.Directory.GetFiles(String path, String searchPattern, SearchOption searchOption)
   在 MainWindow.<buttonTransformFolder_Click>b__5() 位置 c:\Users\qingf\Desktop\ScorpioConversion\ScorpioConversion\MainWindow.cs:行号 96
2016/4/27 16:13:41  [Error]TransformFolder is error : System.ArgumentException: 路径的形式不合法。
   在 System.IO.Path.NormalizePath(String path, Boolean fullCheck, Int32 maxPathLength, Boolean expandShortPaths)
   在 System.IO.Path.NormalizePath(String path, Boolean fullCheck, Int32 maxPathLength)
   在 System.IO.Path.NormalizePath(String path, Boolean fullCheck)
   在 System.IO.Path.GetFullPathInternal(String path)
   在 System.IO.FileSystemEnumerableIterator`1..ctor(String path, String originalUserPath, String searchPattern, SearchOption searchOption, SearchResultHandler`1 resultHandler, Boolean checkHost)
   在 System.IO.FileSystemEnumerableFactory.CreateFileNameIterator(String path, String originalUserPath, String searchPattern, Boolean includeFiles, Boolean includeDirs, SearchOption searchOption, Boolean checkHost)
   在 System.IO.Directory.InternalGetFileDirectoryNames(String path, String userPathOriginal, String searchPattern, Boolean includeFiles, Boolean includeDirs, SearchOption searchOption, Boolean checkHost)
   在 System.IO.Directory.InternalGetFiles(String path, String searchPattern, SearchOption searchOption)
   在 System.IO.Directory.GetFiles(String path, String searchPattern, SearchOption searchOption)
   在 MainWindow.<buttonTransformFolder_Click>b__5() 位置 c:\Users\qingf\Desktop\ScorpioConversion\ScorpioConversion\MainWindow.cs:行号 96
2016/4/27 16:13:41  [Error]TransformFolder is error : System.ArgumentException: 路径的形式不合法。
   在 System.IO.Path.NormalizePath(String path, Boolean fullCheck, Int32 maxPathLength, Boolean expandShortPaths)
   在 System.IO.Path.NormalizePath(String path, Boolean fullCheck, Int32 maxPathLength)
   在 System.IO.Path.NormalizePath(String path, Boolean fullCheck)
   在 System.IO.Path.GetFullPathInternal(String path)
   在 System.IO.FileSystemEnumerableIterator`1..ctor(String path, String originalUserPath, String searchPattern, SearchOption searchOption, SearchResultHandler`1 resultHandler, Boolean checkHost)
   在 System.IO.FileSystemEnumerableFactory.CreateFileNameIterator(String path, String originalUserPath, String searchPattern, Boolean includeFiles, Boolean includeDirs, SearchOption searchOption, Boolean checkHost)
   在 System.IO.Directory.InternalGetFileDirectoryNames(String path, String userPathOriginal, String searchPattern, Boolean includeFiles, Boolean includeDirs, SearchOption searchOption, Boolean checkHost)
   在 System.IO.Directory.InternalGetFiles(String path, String searchPattern, SearchOption searchOption)
   在 System.IO.Directory.GetFiles(String path, String searchPattern, SearchOption searchOption)
   在 MainWindow.<buttonTransformFolder_Click>b__5() 位置 c:\Users\qingf\Desktop\ScorpioConversion\ScorpioConversion\MainWindow.cs:行号 96
2016/4/27 16:13:41  [Error]TransformFolder is error : System.ArgumentException: 路径的形式不合法。
   在 System.IO.Path.NormalizePath(String path, Boolean fullCheck, Int32 maxPathLength, Boolean expandShortPaths)
   在 System.IO.Path.NormalizePath(String path, Boolean fullCheck, Int32 maxPathLength)
   在 System.IO.Path.NormalizePath(String path, Boolean fullCheck)
   在 System.IO.Path.GetFullPathInternal(String path)
   在 System.IO.FileSystemEnumerableIterator`1..ctor(String path, String originalUserPath, String searchPattern, SearchOption searchOption, SearchResultHandler`1 resultHandler, Boolean checkHost)
   在 System.IO.FileSystemEnumerableFactory.CreateFileNameIterator(String path, String originalUserPath, String searchPattern, Boolean includeFiles, Boolean includeDirs, SearchOption searchOption, Boolean checkHost)
   在 System.IO.Directory.InternalGetFileDirectoryNames(String path, String userPathOriginal, String searchPattern, Boolean includeFiles, Boolean includeDirs, SearchOption searchOption, Boolean checkHost)
   在 System.IO.Directory.InternalGetFiles(String path, String searchPattern, SearchOption searchOption)
   在 System.IO.Directory.GetFiles(String path, String searchPattern, SearchOption searchOption)
   在 MainWindow.<buttonTransformFolder_Click>b__5() 位置 c:\Users\qingf\Desktop\ScorpioConversion\ScorpioConversion\MainWindow.cs:行号 96
2016/4/27 16:13:41  [Error]TransformFolder is error : System.ArgumentException: 路径的形式不合法。
   在 System.IO.Path.NormalizePath(String path, Boolean fullCheck, Int32 maxPathLength, Boolean expandShortPaths)
   在 System.IO.Path.NormalizePath(String path, Boolean fullCheck, Int32 maxPathLength)
   在 System.IO.Path.NormalizePath(String path, Boolean fullCheck)
   在 System.IO.Path.GetFullPathInternal(String path)
   在 System.IO.FileSystemEnumerableIterator`1..ctor(String path, String originalUserPath, String searchPattern, SearchOption searchOption, SearchResultHandler`1 resultHandler, Boolean checkHost)
   在 System.IO.FileSystemEnumerableFactory.CreateFileNameIterator(String path, String originalUserPath, String searchPattern, Boolean includeFiles, Boolean includeDirs, SearchOption searchOption, Boolean checkHost)
   在 System.IO.Directory.InternalGetFileDirectoryNames(String path, String userPathOriginal, String searchPattern, Boolean includeFiles, Boolean includeDirs, SearchOption searchOption, Boolean checkHost)
   在 System.IO.Directory.InternalGetFiles(String path, String searchPattern, SearchOption searchOption)
   在 System.IO.Directory.GetFiles(String path, String searchPattern, SearchOption searchOption)
   在 MainWindow.<buttonTransformFolder_Click>b__5() 位置 c:\Users\qingf\Desktop\ScorpioConversion\ScorpioConversion\MainWindow.cs:行号 96
2016/4/27 16:13:42  [Error]TransformFolder is error : System.ArgumentException: 路径的形式不合法。
   在 System.IO.Path.NormalizePath(String path, Boolean fullCheck, Int32 maxPathLength, Boolean expandShortPaths)
   在 System.IO.Path.NormalizePath(String path, Boolean fullCheck, Int32 maxPathLength)
   在 System.IO.Path.NormalizePath(String path, Boolean fullCheck)
   在 System.IO.Path.GetFullPathInternal(String path)
   在 System.IO.FileSystemEnumerableIterator`1..ctor(String path, String originalUserPath, String searchPattern, SearchOption searchOption, SearchResultHandler`1 resultHandler, Boolean checkHost)
   在 System.IO.FileSystemEnumerableFactory.CreateFileNameIterator(String path, String originalUserPath, String searchPattern, Boolean includeFiles, Boolean includeDirs, SearchOption searchOption, Boolean checkHost)
   在 System.IO.Directory.InternalGetFileDirectoryNames(String path, String userPathOriginal, String searchPattern, Boolean includeFiles, Boolean includeDirs, SearchOption searchOption, Boolean checkHost)
   在 System.IO.Directory.InternalGetFiles(String path, String searchPattern, SearchOption searchOption)
   在 System.IO.Directory.GetFiles(String path, String searchPattern, SearchOption searchOption)
   在 MainWindow.<buttonTransformFolder_Click>b__5() 位置 c:\Users\qingf\Desktop\ScorpioConversion\ScorpioConversion\MainWindow.cs:行号 96
2016/4/27 16:13:42  [Error]TransformFolder is error : System.ArgumentException: 路径的形式不合法。
   在 System.IO.Path.NormalizePath(String path, Boolean fullCheck, Int32 maxPathLength, Boolean expandShortPaths)
   在 System.IO.Path.NormalizePath(String path, Boolean fullCheck, Int32 maxPathLength)
   在 System.IO.Path.NormalizePath(String path, Boolean fullCheck)
   在 System.IO.Path.GetFullPathInternal(String path)
   在 System.IO.FileSystemEnumerableIterator`1..ctor(String path, String originalUserPath, String searchPattern, SearchOption searchOption, SearchResultHandler`1 resultHandler, Boolean checkHost)
   在 System.IO.FileSystemEnumerableFactory.CreateFileNameIterator(String path, String originalUserPath, String searchPattern, Boolean includeFiles, Boolean includeDirs, SearchOption searchOption, Boolean checkHost)
   在 System.IO.Directory.InternalGetFileDirectoryNames(String path, String userPathOriginal, String searchPattern, Boolean includeFiles, Boolean includeDirs, SearchOption searchOption, Boolean checkHost)
   在 System.IO.Directory.InternalGetFiles(String path, String searchPattern, SearchOption searchOption)
   在 System.IO.Directory.GetFiles(String path, String searchPattern, SearchOption searchOption)
   在 MainWindow.<buttonTransformFolder_Click>b__5() 位置 c:\Users\qingf\Desktop\ScorpioConversion\ScorpioConversion\MainWindow.cs:行号 96
2016/4/27 16:14:04  [Error]TransformFolder is error : System.ArgumentException: 路径的形式不合法。
   在 System.IO.Path.NormalizePath(String path, Boolean fullCheck, Int32 maxPathLength, Boolean expandShortPaths)
   在 System.IO.Path.NormalizePath(String path, Boolean fullCheck, Int32 maxPathLength)
   在 System.IO.Path.NormalizePath(String path, Boolean fullCheck)
   在 System.IO.Path.GetFullPathInternal(String path)
   在 System.IO.FileSystemEnumerableIterator`1..ctor(String path, String originalUserPath, String searchPattern, SearchOption searchOption, SearchResultHandler`1 resultHandler, Boolean checkHost)
   在 System.IO.FileSystemEnumerableFactory.CreateFileNameIterator(String path, String originalUserPath, String searchPattern, Boolean includeFiles, Boolean includeDirs, SearchOption searchOption, Boolean checkHost)
   在 System.IO.Directory.InternalGetFileDirectoryNames(String path, String userPathOriginal, String searchPattern, Boolean includeFiles, Boolean includeDirs, SearchOption searchOption, Boolean checkHost)
   在 System.IO.Directory.InternalGetFiles(String path, String searchPattern, SearchOption searchOption)
   在 System.IO.Directory.GetFiles(String path, String searchPattern, SearchOption searchOption)
   在 MainWindow.<buttonTransformFolder_Click>b__5() 位置 c:\Users\qingf\Desktop\ScorpioConversion\ScorpioConversion\MainWindow.cs:行号 96
2016/4/27 16:14:04  [Error]TransformFolder is error : System.ArgumentException: 路径的形式不合法。
   在 System.IO.Path.NormalizePath(String path, Boolean fullCheck, Int32 maxPathLength, Boolean expandShortPaths)
   在 System.IO.Path.NormalizePath(String path, Boolean fullCheck, Int32 maxPathLength)
   在 System.IO.Path.NormalizePath(String path, Boolean fullCheck)
   在 System.IO.Path.GetFullPathInternal(String path)
   在 System.IO.FileSystemEnumerableIterator`1..ctor(String path, String originalUserPath, String searchPattern, SearchOption searchOption, SearchResultHandler`1 resultHandler, Boolean checkHost)
   在 System.IO.FileSystemEnumerableFactory.CreateFileNameIterator(String path, String originalUserPath, String searchPattern, Boolean includeFiles, Boolean includeDirs, SearchOption searchOption, Boolean checkHost)
   在 System.IO.Directory.InternalGetFileDirectoryNames(String path, String userPathOriginal, String searchPattern, Boolean includeFiles, Boolean includeDirs, SearchOption searchOption, Boolean checkHost)
   在 System.IO.Directory.InternalGetFiles(String path, String searchPattern, SearchOption searchOption)
   在 System.IO.Directory.GetFiles(String path, String searchPattern, SearchOption searchOption)
   在 MainWindow.<buttonTransformFolder_Click>b__5() 位置 c:\Users\qingf\Desktop\ScorpioConversion\ScorpioConversion\MainWindow.cs:行号 96
2016/4/27 16:14:04  [Error]TransformFolder is error : System.ArgumentException: 路径的形式不合法。
   在 System.IO.Path.NormalizePath(String path, Boolean fullCheck, Int32 maxPathLength, Boolean expandShortPaths)
   在 System.IO.Path.NormalizePath(String path, Boolean fullCheck, Int32 maxPathLength)
   在 System.IO.Path.NormalizePath(String path, Boolean fullCheck)
   在 System.IO.Path.GetFullPathInternal(String path)
   在 System.IO.FileSystemEnumerableIterator`1..ctor(String path, String originalUserPath, String searchPattern, SearchOption searchOption, SearchResultHandler`1 resultHandler, Boolean checkHost)
   在 System.IO.FileSystemEnumerableFactory.CreateFileNameIterator(String path, String originalUserPath, String searchPattern, Boolean includeFiles, Boolean includeDirs, SearchOption searchOption, Boolean checkHost)
   在 System.IO.Directory.InternalGetFileDirectoryNames(String path, String userPathOriginal, String searchPattern, Boolean includeFiles, Boolean includeDirs, SearchOption searchOption, Boolean checkHost)
   在 System.IO.Directory.InternalGetFiles(String path, String searchPattern, SearchOption searchOption)
   在 System.IO.Directory.GetFiles(String path, String searchPattern, SearchOption searchOption)
   在 MainWindow.<buttonTransformFolder_Click>b__5() 位置 c:\Users\qingf\Desktop\ScorpioConversion\ScorpioConversion\MainWindow.cs:行号 96
2016/4/27 16:14:04  [Error]TransformFolder is error : System.ArgumentException: 路径的形式不合法。
   在 System.IO.Path.NormalizePath(String path, Boolean fullCheck, Int32 maxPathLength, Boolean expandShortPaths)
   在 System.IO.Path.NormalizePath(String path, Boolean fullCheck, Int32 maxPathLength)
   在 System.IO.Path.NormalizePath(String path, Boolean fullCheck)
   在 System.IO.Path.GetFullPathInternal(String path)
   在 System.IO.FileSystemEnumerableIterator`1..ctor(String path, String originalUserPath, String searchPattern, SearchOption searchOption, SearchResultHandler`1 resultHandler, Boolean checkHost)
   在 System.IO.FileSystemEnumerableFactory.CreateFileNameIterator(String path, String originalUserPath, String searchPattern, Boolean includeFiles, Boolean includeDirs, SearchOption searchOption, Boolean checkHost)
   在 System.IO.Directory.InternalGetFileDirectoryNames(String path, String userPathOriginal, String searchPattern, Boolean includeFiles, Boolean includeDirs, SearchOption searchOption, Boolean checkHost)
   在 System.IO.Directory.InternalGetFiles(String path, String searchPattern, SearchOption searchOption)
   在 System.IO.Directory.GetFiles(String path, String searchPattern, SearchOption searchOption)
   在 MainWindow.<buttonTransformFolder_Click>b__5() 位置 c:\Users\qingf\Desktop\ScorpioConversion\ScorpioConversion\MainWindow.cs:行号 96
2016/4/27 16:14:05  [Error]TransformFolder is error : System.ArgumentException: 路径的形式不合法。
   在 System.IO.Path.NormalizePath(String path, Boolean fullCheck, Int32 maxPathLength, Boolean expandShortPaths)
   在 System.IO.Path.NormalizePath(String path, Boolean fullCheck, Int32 maxPathLength)
   在 System.IO.Path.NormalizePath(String path, Boolean fullCheck)
   在 System.IO.Path.GetFullPathInternal(String path)
   在 System.IO.FileSystemEnumerableIterator`1..ctor(String path, String originalUserPath, String searchPattern, SearchOption searchOption, SearchResultHandler`1 resultHandler, Boolean checkHost)
   在 System.IO.FileSystemEnumerableFactory.CreateFileNameIterator(String path, String originalUserPath, String searchPattern, Boolean includeFiles, Boolean includeDirs, SearchOption searchOption, Boolean checkHost)
   在 System.IO.Directory.InternalGetFileDirectoryNames(String path, String userPathOriginal, String searchPattern, Boolean includeFiles, Boolean includeDirs, SearchOption searchOption, Boolean checkHost)
   在 System.IO.Directory.InternalGetFiles(String path, String searchPattern, SearchOption searchOption)
   在 System.IO.Directory.GetFiles(String path, String searchPattern, SearchOption searchOption)
   在 MainWindow.<buttonTransformFolder_Click>b__5() 位置 c:\Users\qingf\Desktop\ScorpioConversion\ScorpioConversion\MainWindow.cs:行号 96
2016/4/27 16:14:05  [Error]TransformFolder is error : System.ArgumentException: 路径的形式不合法。
   在 System.IO.Path.NormalizePath(String path, Boolean fullCheck, Int32 maxPathLength, Boolean expandShortPaths)
   在 System.IO.Path.NormalizePath(String path, Boolean fullCheck, Int32 maxPathLength)
   在 System.IO.Path.NormalizePath(String path, Boolean fullCheck)
   在 System.IO.Path.GetFullPathInternal(String path)
   在 System.IO.FileSystemEnumerableIterator`1..ctor(String path, String originalUserPath, String searchPattern, SearchOption searchOption, SearchResultHandler`1 resultHandler, Boolean checkHost)
   在 System.IO.FileSystemEnumerableFactory.CreateFileNameIterator(String path, String originalUserPath, String searchPattern, Boolean includeFiles, Boolean includeDirs, SearchOption searchOption, Boolean checkHost)
   在 System.IO.Directory.InternalGetFileDirectoryNames(String path, String userPathOriginal, String searchPattern, Boolean includeFiles, Boolean includeDirs, SearchOption searchOption, Boolean checkHost)
   在 System.IO.Directory.InternalGetFiles(String path, String searchPattern, SearchOption searchOption)
   在 System.IO.Directory.GetFiles(String path, String searchPattern, SearchOption searchOption)
   在 MainWindow.<buttonTransformFolder_Click>b__5() 位置 c:\Users\qingf\Desktop\ScorpioConversion\ScorpioConversion\MainWindow.cs:行号 96
2016/4/27 16:14:05  [Error]TransformFolder is error : System.ArgumentException: 路径的形式不合法。
   在 System.IO.Path.NormalizePath(String path, Boolean fullCheck, Int32 maxPathLength, Boolean expandShortPaths)
   在 System.IO.Path.NormalizePath(String path, Boolean fullCheck, Int32 maxPathLength)
   在 System.IO.Path.NormalizePath(String path, Boolean fullCheck)
   在 System.IO.Path.GetFullPathInternal(String path)
   在 System.IO.FileSystemEnumerableIterator`1..ctor(String path, String originalUserPath, String searchPattern, SearchOption searchOption, SearchResultHandler`1 resultHandler, Boolean checkHost)
   在 System.IO.FileSystemEnumerableFactory.CreateFileNameIterator(String path, String originalUserPath, String searchPattern, Boolean includeFiles, Boolean includeDirs, SearchOption searchOption, Boolean checkHost)
   在 System.IO.Directory.InternalGetFileDirectoryNames(String path, String userPathOriginal, String searchPattern, Boolean includeFiles, Boolean includeDirs, SearchOption searchOption, Boolean checkHost)
   在 System.IO.Directory.InternalGetFiles(String path, String searchPattern, SearchOption searchOption)
   在 System.IO.Directory.GetFiles(String path, String searchPattern, SearchOption searchOption)
   在 MainWindow.<buttonTransformFolder_Click>b__5() 位置 c:\Users\qingf\Desktop\ScorpioConversion\ScorpioConversion\MainWindow.cs:行号 96
2016/4/27 16:14:05  [Error]TransformFolder is error : System.ArgumentException: 路径的形式不合法。
   在 System.IO.Path.NormalizePath(String path, Boolean fullCheck, Int32 maxPathLength, Boolean expandShortPaths)
   在 System.IO.Path.NormalizePath(String path, Boolean fullCheck, Int32 maxPathLength)
   在 System.IO.Path.NormalizePath(String path, Boolean fullCheck)
   在 System.IO.Path.GetFullPathInternal(String path)
   在 System.IO.FileSystemEnumerableIterator`1..ctor(String path, String originalUserPath, String searchPattern, SearchOption searchOption, SearchResultHandler`1 resultHandler, Boolean checkHost)
   在 System.IO.FileSystemEnumerableFactory.CreateFileNameIterator(String path, String originalUserPath, String searchPattern, Boolean includeFiles, Boolean includeDirs, SearchOption searchOption, Boolean checkHost)
   在 System.IO.Directory.InternalGetFileDirectoryNames(String path, String userPathOriginal, String searchPattern, Boolean includeFiles, Boolean includeDirs, SearchOption searchOption, Boolean checkHost)
   在 System.IO.Directory.InternalGetFiles(String path, String searchPattern, SearchOption searchOption)
   在 System.IO.Directory.GetFiles(String path, String searchPattern, SearchOption searchOption)
   在 MainWindow.<buttonTransformFolder_Click>b__5() 位置 c:\Users\qingf\Desktop\ScorpioConversion\ScorpioConversion\MainWindow.cs:行号 96
2016/4/27 16:14:05  [Error]TransformFolder is error : System.ArgumentException: 路径的形式不合法。
   在 System.IO.Path.NormalizePath(String path, Boolean fullCheck, Int32 maxPathLength, Boolean expandShortPaths)
   在 System.IO.Path.NormalizePath(String path, Boolean fullCheck, Int32 maxPathLength)
   在 System.IO.Path.NormalizePath(String path, Boolean fullCheck)
   在 System.IO.Path.GetFullPathInternal(String path)
   在 System.IO.FileSystemEnumerableIterator`1..ctor(String path, String originalUserPath, String searchPattern, SearchOption searchOption, SearchResultHandler`1 resultHandler, Boolean checkHost)
   在 System.IO.FileSystemEnumerableFactory.CreateFileNameIterator(String path, String originalUserPath, String searchPattern, Boolean includeFiles, Boolean includeDirs, SearchOption searchOption, Boolean checkHost)
   在 System.IO.Directory.InternalGetFileDirectoryNames(String path, String userPathOriginal, String searchPattern, Boolean includeFiles, Boolean includeDirs, SearchOption searchOption, Boolean checkHost)
   在 System.IO.Directory.InternalGetFiles(String path, String searchPattern, SearchOption searchOption)
   在 System.IO.Directory.GetFiles(String path, String searchPattern, SearchOption searchOption)
   在 MainWindow.<buttonTransformFolder_Click>b__5() 位置 c:\Users\qingf\Desktop\ScorpioConversion\ScorpioConversion\MainWindow.cs:行号 96
2016/4/27 16:14:06  [Error]TransformFolder is error : System.ArgumentException: 路径的形式不合法。
   在 System.IO.Path.NormalizePath(String path, Boolean fullCheck, Int32 maxPathLength, Boolean expandShortPaths)
   在 System.IO.Path.NormalizePath(String path, Boolean fullCheck, Int32 maxPathLength)
   在 System.IO.Path.NormalizePath(String path, Boolean fullCheck)
   在 System.IO.Path.GetFullPathInternal(String path)
   在 System.IO.FileSystemEnumerableIterator`1..ctor(String path, String originalUserPath, String searchPattern, SearchOption searchOption, SearchResultHandler`1 resultHandler, Boolean checkHost)
   在 System.IO.FileSystemEnumerableFactory.CreateFileNameIterator(String path, String originalUserPath, String searchPattern, Boolean includeFiles, Boolean includeDirs, SearchOption searchOption, Boolean checkHost)
   在 System.IO.Directory.InternalGetFileDirectoryNames(String path, String userPathOriginal, String searchPattern, Boolean includeFiles, Boolean includeDirs, SearchOption searchOption, Boolean checkHost)
   在 System.IO.Directory.InternalGetFiles(String path, String searchPattern, SearchOption searchOption)
   在 System.IO.Directory.GetFiles(String path, String searchPattern, SearchOption searchOption)
   在 MainWindow.<buttonTransformFolder_Click>b__5() 位置 c:\Users\qingf\Desktop\ScorpioConversion\ScorpioConversion\MainWindow.cs:行号 96
2016/4/27 16:14:06  [Error]TransformFolder is error : System.ArgumentException: 路径的形式不合法。
   在 System.IO.Path.NormalizePath(String path, Boolean fullCheck, Int32 maxPathLength, Boolean expandShortPaths)
   在 System.IO.Path.NormalizePath(String path, Boolean fullCheck, Int32 maxPathLength)
   在 System.IO.Path.NormalizePath(String path, Boolean fullCheck)
   在 System.IO.Path.GetFullPathInternal(String path)
   在 System.IO.FileSystemEnumerableIterator`1..ctor(String path, String originalUserPath, String searchPattern, SearchOption searchOption, SearchResultHandler`1 resultHandler, Boolean checkHost)
   在 System.IO.FileSystemEnumerableFactory.CreateFileNameIterator(String path, String originalUserPath, String searchPattern, Boolean includeFiles, Boolean includeDirs, SearchOption searchOption, Boolean checkHost)
   在 System.IO.Directory.InternalGetFileDirectoryNames(String path, String userPathOriginal, String searchPattern, Boolean includeFiles, Boolean includeDirs, SearchOption searchOption, Boolean checkHost)
   在 System.IO.Directory.InternalGetFiles(String path, String searchPattern, SearchOption searchOption)
   在 System.IO.Directory.GetFiles(String path, String searchPattern, SearchOption searchOption)
   在 MainWindow.<buttonTransformFolder_Click>b__5() 位置 c:\Users\qingf\Desktop\ScorpioConversion\ScorpioConversion\MainWindow.cs:行号 96
2016/4/27 16:14:06  [Error]TransformFolder is error : System.ArgumentException: 路径的形式不合法。
   在 System.IO.Path.NormalizePath(String path, Boolean fullCheck, Int32 maxPathLength, Boolean expandShortPaths)
   在 System.IO.Path.NormalizePath(String path, Boolean fullCheck, Int32 maxPathLength)
   在 System.IO.Path.NormalizePath(String path, Boolean fullCheck)
   在 System.IO.Path.GetFullPathInternal(String path)
   在 System.IO.FileSystemEnumerableIterator`1..ctor(String path, String originalUserPath, String searchPattern, SearchOption searchOption, SearchResultHandler`1 resultHandler, Boolean checkHost)
   在 System.IO.FileSystemEnumerableFactory.CreateFileNameIterator(String path, String originalUserPath, String searchPattern, Boolean includeFiles, Boolean includeDirs, SearchOption searchOption, Boolean checkHost)
   在 System.IO.Directory.InternalGetFileDirectoryNames(String path, String userPathOriginal, String searchPattern, Boolean includeFiles, Boolean includeDirs, SearchOption searchOption, Boolean checkHost)
   在 System.IO.Directory.InternalGetFiles(String path, String searchPattern, SearchOption searchOption)
   在 System.IO.Directory.GetFiles(String path, String searchPattern, SearchOption searchOption)
   在 MainWindow.<buttonTransformFolder_Click>b__5() 位置 c:\Users\qingf\Desktop\ScorpioConversion\ScorpioConversion\MainWindow.cs:行号 96
2016/4/27 16:14:51  [Error]TransformFolder is error : System.ArgumentException: 路径的形式不合法。
   在 System.IO.Path.NormalizePath(String path, Boolean fullCheck, Int32 maxPathLength, Boolean expandShortPaths)
   在 System.IO.Path.NormalizePath(String path, Boolean fullCheck, Int32 maxPathLength)
   在 System.IO.Path.NormalizePath(String path, Boolean fullCheck)
   在 System.IO.Path.GetFullPathInternal(String path)
   在 System.IO.FileSystemEnumerableIterator`1..ctor(String path, String originalUserPath, String searchPattern, SearchOption searchOption, SearchResultHandler`1 resultHandler, Boolean checkHost)
   在 System.IO.FileSystemEnumerableFactory.CreateFileNameIterator(String path, String originalUserPath, String searchPattern, Boolean includeFiles, Boolean includeDirs, SearchOption searchOption, Boolean checkHost)
   在 System.IO.Directory.InternalGetFileDirectoryNames(String path, String userPathOriginal, String searchPattern, Boolean includeFiles, Boolean includeDirs, SearchOption searchOption, Boolean checkHost)
   在 System.IO.Directory.InternalGetFiles(String path, String searchPattern, SearchOption searchOption)
   在 System.IO.Directory.GetFiles(String path, String searchPattern, SearchOption searchOption)
   在 MainWindow.<buttonTransformFolder_Click>b__5() 位置 c:\Users\qingf\Desktop\ScorpioConversion\ScorpioConversion\MainWindow.cs:行号 97
2016/4/27 16:14:51  [Error]TransformFolder is error : System.ArgumentException: 路径的形式不合法。
   在 System.IO.Path.NormalizePath(String path, Boolean fullCheck, Int32 maxPathLength, Boolean expandShortPaths)
   在 System.IO.Path.NormalizePath(String path, Boolean fullCheck, Int32 maxPathLength)
   在 System.IO.Path.NormalizePath(String path, Boolean fullCheck)
   在 System.IO.Path.GetFullPathInternal(String path)
   在 System.IO.FileSystemEnumerableIterator`1..ctor(String path, String originalUserPath, String searchPattern, SearchOption searchOption, SearchResultHandler`1 resultHandler, Boolean checkHost)
   在 System.IO.FileSystemEnumerableFactory.CreateFileNameIterator(String path, String originalUserPath, String searchPattern, Boolean includeFiles, Boolean includeDirs, SearchOption searchOption, Boolean checkHost)
   在 System.IO.Directory.InternalGetFileDirectoryNames(String path, String userPathOriginal, String searchPattern, Boolean includeFiles, Boolean includeDirs, SearchOption searchOption, Boolean checkHost)
   在 System.IO.Directory.InternalGetFiles(String path, String searchPattern, SearchOption searchOption)
   在 System.IO.Directory.GetFiles(String path, String searchPattern, SearchOption searchOption)
   在 MainWindow.<buttonTransformFolder_Click>b__5() 位置 c:\Users\qingf\Desktop\ScorpioConversion\ScorpioConversion\MainWindow.cs:行号 97
2016/4/27 16:14:51  [Error]TransformFolder is error : System.ArgumentException: 路径的形式不合法。
   在 System.IO.Path.NormalizePath(String path, Boolean fullCheck, Int32 maxPathLength, Boolean expandShortPaths)
   在 System.IO.Path.NormalizePath(String path, Boolean fullCheck, Int32 maxPathLength)
   在 System.IO.Path.NormalizePath(String path, Boolean fullCheck)
   在 System.IO.Path.GetFullPathInternal(String path)
   在 System.IO.FileSystemEnumerableIterator`1..ctor(String path, String originalUserPath, String searchPattern, SearchOption searchOption, SearchResultHandler`1 resultHandler, Boolean checkHost)
   在 System.IO.FileSystemEnumerableFactory.CreateFileNameIterator(String path, String originalUserPath, String searchPattern, Boolean includeFiles, Boolean includeDirs, SearchOption searchOption, Boolean checkHost)
   在 System.IO.Directory.InternalGetFileDirectoryNames(String path, String userPathOriginal, String searchPattern, Boolean includeFiles, Boolean includeDirs, SearchOption searchOption, Boolean checkHost)
   在 System.IO.Directory.InternalGetFiles(String path, String searchPattern, SearchOption searchOption)
   在 System.IO.Directory.GetFiles(String path, String searchPattern, SearchOption searchOption)
   在 MainWindow.<buttonTransformFolder_Click>b__5() 位置 c:\Users\qingf\Desktop\ScorpioConversion\ScorpioConversion\MainWindow.cs:行号 97
2016/4/27 16:14:52  [Error]TransformFolder is error : System.ArgumentException: 路径的形式不合法。
   在 System.IO.Path.NormalizePath(String path, Boolean fullCheck, Int32 maxPathLength, Boolean expandShortPaths)
   在 System.IO.Path.NormalizePath(String path, Boolean fullCheck, Int32 maxPathLength)
   在 System.IO.Path.NormalizePath(String path, Boolean fullCheck)
   在 System.IO.Path.GetFullPathInternal(String path)
   在 System.IO.FileSystemEnumerableIterator`1..ctor(String path, String originalUserPath, String searchPattern, SearchOption searchOption, SearchResultHandler`1 resultHandler, Boolean checkHost)
   在 System.IO.FileSystemEnumerableFactory.CreateFileNameIterator(String path, String originalUserPath, String searchPattern, Boolean includeFiles, Boolean includeDirs, SearchOption searchOption, Boolean checkHost)
   在 System.IO.Directory.InternalGetFileDirectoryNames(String path, String userPathOriginal, String searchPattern, Boolean includeFiles, Boolean includeDirs, SearchOption searchOption, Boolean checkHost)
   在 System.IO.Directory.InternalGetFiles(String path, String searchPattern, SearchOption searchOption)
   在 System.IO.Directory.GetFiles(String path, String searchPattern, SearchOption searchOption)
   在 MainWindow.<buttonTransformFolder_Click>b__5() 位置 c:\Users\qingf\Desktop\ScorpioConversion\ScorpioConversion\MainWindow.cs:行号 97
2016/4/27 16:14:52  [Error]TransformFolder is error : System.ArgumentException: 路径的形式不合法。
   在 System.IO.Path.NormalizePath(String path, Boolean fullCheck, Int32 maxPathLength, Boolean expandShortPaths)
   在 System.IO.Path.NormalizePath(String path, Boolean fullCheck, Int32 maxPathLength)
   在 System.IO.Path.NormalizePath(String path, Boolean fullCheck)
   在 System.IO.Path.GetFullPathInternal(String path)
   在 System.IO.FileSystemEnumerableIterator`1..ctor(String path, String originalUserPath, String searchPattern, SearchOption searchOption, SearchResultHandler`1 resultHandler, Boolean checkHost)
   在 System.IO.FileSystemEnumerableFactory.CreateFileNameIterator(String path, String originalUserPath, String searchPattern, Boolean includeFiles, Boolean includeDirs, SearchOption searchOption, Boolean checkHost)
   在 System.IO.Directory.InternalGetFileDirectoryNames(String path, String userPathOriginal, String searchPattern, Boolean includeFiles, Boolean includeDirs, SearchOption searchOption, Boolean checkHost)
   在 System.IO.Directory.InternalGetFiles(String path, String searchPattern, SearchOption searchOption)
   在 System.IO.Directory.GetFiles(String path, String searchPattern, SearchOption searchOption)
   在 MainWindow.<buttonTransformFolder_Click>b__5() 位置 c:\Users\qingf\Desktop\ScorpioConversion\ScorpioConversion\MainWindow.cs:行号 97
2016/4/27 16:14:52  [Error]TransformFolder is error : System.ArgumentException: 路径的形式不合法。
   在 System.IO.Path.NormalizePath(String path, Boolean fullCheck, Int32 maxPathLength, Boolean expandShortPaths)
   在 System.IO.Path.NormalizePath(String path, Boolean fullCheck, Int32 maxPathLength)
   在 System.IO.Path.NormalizePath(String path, Boolean fullCheck)
   在 System.IO.Path.GetFullPathInternal(String path)
   在 System.IO.FileSystemEnumerableIterator`1..ctor(String path, String originalUserPath, String searchPattern, SearchOption searchOption, SearchResultHandler`1 resultHandler, Boolean checkHost)
   在 System.IO.FileSystemEnumerableFactory.CreateFileNameIterator(String path, String originalUserPath, String searchPattern, Boolean includeFiles, Boolean includeDirs, SearchOption searchOption, Boolean checkHost)
   在 System.IO.Directory.InternalGetFileDirectoryNames(String path, String userPathOriginal, String searchPattern, Boolean includeFiles, Boolean includeDirs, SearchOption searchOption, Boolean checkHost)
   在 System.IO.Directory.InternalGetFiles(String path, String searchPattern, SearchOption searchOption)
   在 System.IO.Directory.GetFiles(String path, String searchPattern, SearchOption searchOption)
   在 MainWindow.<buttonTransformFolder_Click>b__5() 位置 c:\Users\qingf\Desktop\ScorpioConversion\ScorpioConversion\MainWindow.cs:行号 97
2016/4/27 16:14:52  [Error]TransformFolder is error : System.ArgumentException: 路径的形式不合法。
   在 System.IO.Path.NormalizePath(String path, Boolean fullCheck, Int32 maxPathLength, Boolean expandShortPaths)
   在 System.IO.Path.NormalizePath(String path, Boolean fullCheck, Int32 maxPathLength)
   在 System.IO.Path.NormalizePath(String path, Boolean fullCheck)
   在 System.IO.Path.GetFullPathInternal(String path)
   在 System.IO.FileSystemEnumerableIterator`1..ctor(String path, String originalUserPath, String searchPattern, SearchOption searchOption, SearchResultHandler`1 resultHandler, Boolean checkHost)
   在 System.IO.FileSystemEnumerableFactory.CreateFileNameIterator(String path, String originalUserPath, String searchPattern, Boolean includeFiles, Boolean includeDirs, SearchOption searchOption, Boolean checkHost)
   在 System.IO.Directory.InternalGetFileDirectoryNames(String path, String userPathOriginal, String searchPattern, Boolean includeFiles, Boolean includeDirs, SearchOption searchOption, Boolean checkHost)
   在 System.IO.Directory.InternalGetFiles(String path, String searchPattern, SearchOption searchOption)
   在 System.IO.Directory.GetFiles(String path, String searchPattern, SearchOption searchOption)
   在 MainWindow.<buttonTransformFolder_Click>b__5() 位置 c:\Users\qingf\Desktop\ScorpioConversion\ScorpioConversion\MainWindow.cs:行号 97
2016/4/27 16:14:52  [Error]TransformFolder is error : System.ArgumentException: 路径的形式不合法。
   在 System.IO.Path.NormalizePath(String path, Boolean fullCheck, Int32 maxPathLength, Boolean expandShortPaths)
   在 System.IO.Path.NormalizePath(String path, Boolean fullCheck, Int32 maxPathLength)
   在 System.IO.Path.NormalizePath(String path, Boolean fullCheck)
   在 System.IO.Path.GetFullPathInternal(String path)
   在 System.IO.FileSystemEnumerableIterator`1..ctor(String path, String originalUserPath, String searchPattern, SearchOption searchOption, SearchResultHandler`1 resultHandler, Boolean checkHost)
   在 System.IO.FileSystemEnumerableFactory.CreateFileNameIterator(String path, String originalUserPath, String searchPattern, Boolean includeFiles, Boolean includeDirs, SearchOption searchOption, Boolean checkHost)
   在 System.IO.Directory.InternalGetFileDirectoryNames(String path, String userPathOriginal, String searchPattern, Boolean includeFiles, Boolean includeDirs, SearchOption searchOption, Boolean checkHost)
   在 System.IO.Directory.InternalGetFiles(String path, String searchPattern, SearchOption searchOption)
   在 System.IO.Directory.GetFiles(String path, String searchPattern, SearchOption searchOption)
   在 MainWindow.<buttonTransformFolder_Click>b__5() 位置 c:\Users\qingf\Desktop\ScorpioConversion\ScorpioConversion\MainWindow.cs:行号 97
2016/4/27 16:14:54  [Error]TransformFolder is error : System.ArgumentException: 路径的形式不合法。
   在 System.IO.Path.NormalizePath(String path, Boolean fullCheck, Int32 maxPathLength, Boolean expandShortPaths)
   在 System.IO.Path.NormalizePath(String path, Boolean fullCheck, Int32 maxPathLength)
   在 System.IO.Path.NormalizePath(String path, Boolean fullCheck)
   在 System.IO.Path.GetFullPathInternal(String path)
   在 System.IO.FileSystemEnumerableIterator`1..ctor(String path, String originalUserPath, String searchPattern, SearchOption searchOption, SearchResultHandler`1 resultHandler, Boolean checkHost)
   在 System.IO.FileSystemEnumerableFactory.CreateFileNameIterator(String path, String originalUserPath, String searchPattern, Boolean includeFiles, Boolean includeDirs, SearchOption searchOption, Boolean checkHost)
   在 System.IO.Directory.InternalGetFileDirectoryNames(String path, String userPathOriginal, String searchPattern, Boolean includeFiles, Boolean includeDirs, SearchOption searchOption, Boolean checkHost)
   在 System.IO.Directory.InternalGetFiles(String path, String searchPattern, SearchOption searchOption)
   在 System.IO.Directory.GetFiles(String path, String searchPattern, SearchOption searchOption)
   在 MainWindow.<buttonTransformFolder_Click>b__5() 位置 c:\Users\qingf\Desktop\ScorpioConversion\ScorpioConversion\MainWindow.cs:行号 97
2016/4/27 16:14:54  [Error]TransformFolder is error : System.ArgumentException: 路径的形式不合法。
   在 System.IO.Path.NormalizePath(String path, Boolean fullCheck, Int32 maxPathLength, Boolean expandShortPaths)
   在 System.IO.Path.NormalizePath(String path, Boolean fullCheck, Int32 maxPathLength)
   在 System.IO.Path.NormalizePath(String path, Boolean fullCheck)
   在 System.IO.Path.GetFullPathInternal(String path)
   在 System.IO.FileSystemEnumerableIterator`1..ctor(String path, String originalUserPath, String searchPattern, SearchOption searchOption, SearchResultHandler`1 resultHandler, Boolean checkHost)
   在 System.IO.FileSystemEnumerableFactory.CreateFileNameIterator(String path, String originalUserPath, String searchPattern, Boolean includeFiles, Boolean includeDirs, SearchOption searchOption, Boolean checkHost)
   在 System.IO.Directory.InternalGetFileDirectoryNames(String path, String userPathOriginal, String searchPattern, Boolean includeFiles, Boolean includeDirs, SearchOption searchOption, Boolean checkHost)
   在 System.IO.Directory.InternalGetFiles(String path, String searchPattern, SearchOption searchOption)
   在 System.IO.Directory.GetFiles(String path, String searchPattern, SearchOption searchOption)
   在 MainWindow.<buttonTransformFolder_Click>b__5() 位置 c:\Users\qingf\Desktop\ScorpioConversion\ScorpioConversion\MainWindow.cs:行号 97
2016/4/27 16:14:54  [Error]TransformFolder is error : System.ArgumentException: 路径的形式不合法。
   在 System.IO.Path.NormalizePath(String path, Boolean fullCheck, Int32 maxPathLength, Boolean expandShortPaths)
   在 System.IO.Path.NormalizePath(String path, Boolean fullCheck, Int32 maxPathLength)
   在 System.IO.Path.NormalizePath(String path, Boolean fullCheck)
   在 System.IO.Path.GetFullPathInternal(String path)
   在 System.IO.FileSystemEnumerableIterator`1..ctor(String path, String originalUserPath, String searchPattern, SearchOption searchOption, SearchResultHandler`1 resultHandler, Boolean checkHost)
   在 System.IO.FileSystemEnumerableFactory.CreateFileNameIterator(String path, String originalUserPath, String searchPattern, Boolean includeFiles, Boolean includeDirs, SearchOption searchOption, Boolean checkHost)
   在 System.IO.Directory.InternalGetFileDirectoryNames(String path, String userPathOriginal, String searchPattern, Boolean includeFiles, Boolean includeDirs, SearchOption searchOption, Boolean checkHost)
   在 System.IO.Directory.InternalGetFiles(String path, String searchPattern, SearchOption searchOption)
   在 System.IO.Directory.GetFiles(String path, String searchPattern, SearchOption searchOption)
   在 MainWindow.<buttonTransformFolder_Click>b__5() 位置 c:\Users\qingf\Desktop\ScorpioConversion\ScorpioConversion\MainWindow.cs:行号 97
2016/4/27 16:14:54  [Error]TransformFolder is error : System.ArgumentException: 路径的形式不合法。
   在 System.IO.Path.NormalizePath(String path, Boolean fullCheck, Int32 maxPathLength, Boolean expandShortPaths)
   在 System.IO.Path.NormalizePath(String path, Boolean fullCheck, Int32 maxPathLength)
   在 System.IO.Path.NormalizePath(String path, Boolean fullCheck)
   在 System.IO.Path.GetFullPathInternal(String path)
   在 System.IO.FileSystemEnumerableIterator`1..ctor(String path, String originalUserPath, String searchPattern, SearchOption searchOption, SearchResultHandler`1 resultHandler, Boolean checkHost)
   在 System.IO.FileSystemEnumerableFactory.CreateFileNameIterator(String path, String originalUserPath, String searchPattern, Boolean includeFiles, Boolean includeDirs, SearchOption searchOption, Boolean checkHost)
   在 System.IO.Directory.InternalGetFileDirectoryNames(String path, String userPathOriginal, String searchPattern, Boolean includeFiles, Boolean includeDirs, SearchOption searchOption, Boolean checkHost)
   在 System.IO.Directory.InternalGetFiles(String path, String searchPattern, SearchOption searchOption)
   在 System.IO.Directory.GetFiles(String path, String searchPattern, SearchOption searchOption)
   在 MainWindow.<buttonTransformFolder_Click>b__5() 位置 c:\Users\qingf\Desktop\ScorpioConversion\ScorpioConversion\MainWindow.cs:行号 97
2016/4/27 16:16:00  [Error]TransformFolder is error : System.ArgumentException: 路径的形式不合法。
   在 System.IO.Path.NormalizePath(String path, Boolean fullCheck, Int32 maxPathLength, Boolean expandShortPaths)
   在 System.IO.Path.NormalizePath(String path, Boolean fullCheck, Int32 maxPathLength)
   在 System.IO.Path.NormalizePath(String path, Boolean fullCheck)
   在 System.IO.Path.GetFullPathInternal(String path)
   在 System.IO.FileSystemEnumerableIterator`1..ctor(String path, String originalUserPath, String searchPattern, SearchOption searchOption, SearchResultHandler`1 resultHandler, Boolean checkHost)
   在 System.IO.FileSystemEnumerableFactory.CreateFileNameIterator(String path, String originalUserPath, String searchPattern, Boolean includeFiles, Boolean includeDirs, SearchOption searchOption, Boolean checkHost)
   在 System.IO.Directory.InternalGetFileDirectoryNames(String path, String userPathOriginal, String searchPattern, Boolean includeFiles, Boolean includeDirs, SearchOption searchOption, Boolean checkHost)
   在 System.IO.Directory.InternalGetFiles(String path, String searchPattern, SearchOption searchOption)
   在 System.IO.Directory.GetFiles(String path, String searchPattern, SearchOption searchOption)
   在 MainWindow.<buttonTransformFolder_Click>b__5() 位置 c:\Users\qingf\Desktop\ScorpioConversion\ScorpioConversion\MainWindow.cs:行号 96
2016/4/27 16:20:29  [Error]TransformFolder is error : System.ArgumentException: 路径的形式不合法。
   在 System.IO.Path.NormalizePath(String path, Boolean fullCheck, Int32 maxPathLength, Boolean expandShortPaths)
   在 System.IO.Path.NormalizePath(String path, Boolean fullCheck, Int32 maxPathLength)
   在 System.IO.Path.NormalizePath(String path, Boolean fullCheck)
   在 System.IO.Path.GetFullPathInternal(String path)
   在 System.IO.FileSystemEnumerableIterator`1..ctor(String path, String originalUserPath, String searchPattern, SearchOption searchOption, SearchResultHandler`1 resultHandler, Boolean checkHost)
   在 System.IO.FileSystemEnumerableFactory.CreateFileNameIterator(String path, String originalUserPath, String searchPattern, Boolean includeFiles, Boolean includeDirs, SearchOption searchOption, Boolean checkHost)
   在 System.IO.Directory.InternalGetFileDirectoryNames(String path, String userPathOriginal, String searchPattern, Boolean includeFiles, Boolean includeDirs, SearchOption searchOption, Boolean checkHost)
   在 System.IO.Directory.InternalGetFiles(String path, String searchPattern, SearchOption searchOption)
   在 System.IO.Directory.GetFiles(String path, String searchPattern, SearchOption searchOption)
   在 MainWindow.<buttonTransformFolder_Click>b__5() 位置 c:\Users\qingf\Desktop\ScorpioConversion\ScorpioConversion\MainWindow.cs:行号 91
2016/4/27 16:20:31  [Error]TransformFolder is error : System.ArgumentException: 路径的形式不合法。
   在 System.IO.Path.NormalizePath(String path, Boolean fullCheck, Int32 maxPathLength, Boolean expandShortPaths)
   在 System.IO.Path.NormalizePath(String path, Boolean fullCheck, Int32 maxPathLength)
   在 System.IO.Path.NormalizePath(String path, Boolean fullCheck)
   在 System.IO.Path.GetFullPathInternal(String path)
   在 System.IO.FileSystemEnumerableIterator`1..ctor(String path, String originalUserPath, String searchPattern, SearchOption searchOption, SearchResultHandler`1 resultHandler, Boolean checkHost)
   在 System.IO.FileSystemEnumerableFactory.CreateFileNameIterator(String path, String originalUserPath, String searchPattern, Boolean includeFiles, Boolean includeDirs, SearchOption searchOption, Boolean checkHost)
   在 System.IO.Directory.InternalGetFileDirectoryNames(String path, String userPathOriginal, String searchPattern, Boolean includeFiles, Boolean includeDirs, SearchOption searchOption, Boolean checkHost)
   在 System.IO.Directory.InternalGetFiles(String path, String searchPattern, SearchOption searchOption)
   在 System.IO.Directory.GetFiles(String path, String searchPattern, SearchOption searchOption)
   在 MainWindow.<buttonTransformFolder_Click>b__5() 位置 c:\Users\qingf\Desktop\ScorpioConversion\ScorpioConversion\MainWindow.cs:行号 91
2016/4/27 16:20:31  [Error]TransformFolder is error : System.ArgumentException: 路径的形式不合法。
   在 System.IO.Path.NormalizePath(String path, Boolean fullCheck, Int32 maxPathLength, Boolean expandShortPaths)
   在 System.IO.Path.NormalizePath(String path, Boolean fullCheck, Int32 maxPathLength)
   在 System.IO.Path.NormalizePath(String path, Boolean fullCheck)
   在 System.IO.Path.GetFullPathInternal(String path)
   在 System.IO.FileSystemEnumerableIterator`1..ctor(String path, String originalUserPath, String searchPattern, SearchOption searchOption, SearchResultHandler`1 resultHandler, Boolean checkHost)
   在 System.IO.FileSystemEnumerableFactory.CreateFileNameIterator(String path, String originalUserPath, String searchPattern, Boolean includeFiles, Boolean includeDirs, SearchOption searchOption, Boolean checkHost)
   在 System.IO.Directory.InternalGetFileDirectoryNames(String path, String userPathOriginal, String searchPattern, Boolean includeFiles, Boolean includeDirs, SearchOption searchOption, Boolean checkHost)
   在 System.IO.Directory.InternalGetFiles(String path, String searchPattern, SearchOption searchOption)
   在 System.IO.Directory.GetFiles(String path, String searchPattern, SearchOption searchOption)
   在 MainWindow.<buttonTransformFolder_Click>b__5() 位置 c:\Users\qingf\Desktop\ScorpioConversion\ScorpioConversion\MainWindow.cs:行号 91
2016/4/27 16:20:31  [Error]TransformFolder is error : System.ArgumentException: 路径的形式不合法。
   在 System.IO.Path.NormalizePath(String path, Boolean fullCheck, Int32 maxPathLength, Boolean expandShortPaths)
   在 System.IO.Path.NormalizePath(String path, Boolean fullCheck, Int32 maxPathLength)
   在 System.IO.Path.NormalizePath(String path, Boolean fullCheck)
   在 System.IO.Path.GetFullPathInternal(String path)
   在 System.IO.FileSystemEnumerableIterator`1..ctor(String path, String originalUserPath, String searchPattern, SearchOption searchOption, SearchResultHandler`1 resultHandler, Boolean checkHost)
   在 System.IO.FileSystemEnumerableFactory.CreateFileNameIterator(String path, String originalUserPath, String searchPattern, Boolean includeFiles, Boolean includeDirs, SearchOption searchOption, Boolean checkHost)
   在 System.IO.Directory.InternalGetFileDirectoryNames(String path, String userPathOriginal, String searchPattern, Boolean includeFiles, Boolean includeDirs, SearchOption searchOption, Boolean checkHost)
   在 System.IO.Directory.InternalGetFiles(String path, String searchPattern, SearchOption searchOption)
   在 System.IO.Directory.GetFiles(String path, String searchPattern, SearchOption searchOption)
   在 MainWindow.<buttonTransformFolder_Click>b__5() 位置 c:\Users\qingf\Desktop\ScorpioConversion\ScorpioConversion\MainWindow.cs:行号 91
2016/4/27 16:20:32  [Error]TransformFolder is error : System.ArgumentException: 路径的形式不合法。
   在 System.IO.Path.NormalizePath(String path, Boolean fullCheck, Int32 maxPathLength, Boolean expandShortPaths)
   在 System.IO.Path.NormalizePath(String path, Boolean fullCheck, Int32 maxPathLength)
   在 System.IO.Path.NormalizePath(String path, Boolean fullCheck)
   在 System.IO.Path.GetFullPathInternal(String path)
   在 System.IO.FileSystemEnumerableIterator`1..ctor(String path, String originalUserPath, String searchPattern, SearchOption searchOption, SearchResultHandler`1 resultHandler, Boolean checkHost)
   在 System.IO.FileSystemEnumerableFactory.CreateFileNameIterator(String path, String originalUserPath, String searchPattern, Boolean includeFiles, Boolean includeDirs, SearchOption searchOption, Boolean checkHost)
   在 System.IO.Directory.InternalGetFileDirectoryNames(String path, String userPathOriginal, String searchPattern, Boolean includeFiles, Boolean includeDirs, SearchOption searchOption, Boolean checkHost)
   在 System.IO.Directory.InternalGetFiles(String path, String searchPattern, SearchOption searchOption)
   在 System.IO.Directory.GetFiles(String path, String searchPattern, SearchOption searchOption)
   在 MainWindow.<buttonTransformFolder_Click>b__5() 位置 c:\Users\qingf\Desktop\ScorpioConversion\ScorpioConversion\MainWindow.cs:行号 91
